Line Number: 1 Start position: 0 CLASS class null
Line Number: 1 Start position: 6 IDENTIFIER Outer null
Line Number: 1 Start position: 12 LEFT_BRACE { null
Line Number: 2 Start position: 16 IDENTIFIER method null
Line Number: 2 Start position: 22 LEFT_PAREN ( null
Line Number: 2 Start position: 23 RIGHT_PAREN ) null
Line Number: 2 Start position: 25 LEFT_BRACE { null
Line Number: 3 Start position: 31 PRINT print null
Line Number: 3 Start position: 37 THIS this null
Line Number: 3 Start position: 41 SEMICOLON ; null
Line Number: 5 Start position: 74 FUN fun null
Line Number: 5 Start position: 78 IDENTIFIER f null
Line Number: 5 Start position: 79 LEFT_PAREN ( null
Line Number: 5 Start position: 80 RIGHT_PAREN ) null
Line Number: 5 Start position: 82 LEFT_BRACE { null
Line Number: 6 Start position: 90 PRINT print null
Line Number: 6 Start position: 96 THIS this null
Line Number: 6 Start position: 100 SEMICOLON ; null
Line Number: 8 Start position: 135 CLASS class null
Line Number: 8 Start position: 141 IDENTIFIER Inner null
Line Number: 8 Start position: 147 LEFT_BRACE { null
Line Number: 9 Start position: 157 IDENTIFIER method null
Line Number: 9 Start position: 163 LEFT_PAREN ( null
Line Number: 9 Start position: 164 RIGHT_PAREN ) null
Line Number: 9 Start position: 166 LEFT_BRACE { null
Line Number: 10 Start position: 178 PRINT print null
Line Number: 10 Start position: 184 THIS this null
Line Number: 10 Start position: 188 SEMICOLON ; null
Line Number: 11 Start position: 224 RIGHT_BRACE } null
Line Number: 12 Start position: 232 RIGHT_BRACE } null
Line Number: 14 Start position: 241 IDENTIFIER Inner null
Line Number: 14 Start position: 246 LEFT_PAREN ( null
Line Number: 14 Start position: 247 RIGHT_PAREN ) null
Line Number: 14 Start position: 248 DOT . null
Line Number: 14 Start position: 249 IDENTIFIER method null
Line Number: 14 Start position: 255 LEFT_PAREN ( null
Line Number: 14 Start position: 256 RIGHT_PAREN ) null
Line Number: 14 Start position: 257 SEMICOLON ; null
Line Number: 15 Start position: 263 RIGHT_BRACE } null
Line Number: 16 Start position: 269 IDENTIFIER f null
Line Number: 16 Start position: 270 LEFT_PAREN ( null
Line Number: 16 Start position: 271 RIGHT_PAREN ) null
Line Number: 16 Start position: 272 SEMICOLON ; null
Line Number: 17 Start position: 276 RIGHT_BRACE } null
Line Number: 18 Start position: 278 RIGHT_BRACE } null
Line Number: 20 Start position: 281 IDENTIFIER Outer null
Line Number: 20 Start position: 286 LEFT_PAREN ( null
Line Number: 20 Start position: 287 RIGHT_PAREN ) null
Line Number: 20 Start position: 288 DOT . null
Line Number: 20 Start position: 289 IDENTIFIER method null
Line Number: 20 Start position: 295 LEFT_PAREN ( null
Line Number: 20 Start position: 296 RIGHT_PAREN ) null
Line Number: 20 Start position: 297 SEMICOLON ; null
Line Number: 21 Start position: 298 EOF  null
