Line Number: 1 Start position: 0 CLASS class null
Line Number: 1 Start position: 6 IDENTIFIER A null
Line Number: 1 Start position: 8 LEFT_BRACE { null
Line Number: 2 Start position: 12 IDENTIFIER foo null
Line Number: 2 Start position: 15 LEFT_PAREN ( null
Line Number: 2 Start position: 16 RIGHT_PAREN ) null
Line Number: 2 Start position: 18 LEFT_BRACE { null
Line Number: 3 Start position: 24 PRINT print null
Line Number: 3 Start position: 30 STRING "A.foo()" A.foo()
Line Number: 3 Start position: 39 SEMICOLON ; null
Line Number: 4 Start position: 43 RIGHT_BRACE } null
Line Number: 5 Start position: 45 RIGHT_BRACE } null
Line Number: 7 Start position: 48 CLASS class null
Line Number: 7 Start position: 54 IDENTIFIER B null
Line Number: 7 Start position: 56 LESS < null
Line Number: 7 Start position: 58 IDENTIFIER A null
Line Number: 7 Start position: 60 LEFT_BRACE { null
Line Number: 7 Start position: 61 RIGHT_BRACE } null
Line Number: 9 Start position: 64 CLASS class null
Line Number: 9 Start position: 70 IDENTIFIER C null
Line Number: 9 Start position: 72 LESS < null
Line Number: 9 Start position: 74 IDENTIFIER B null
Line Number: 9 Start position: 76 LEFT_BRACE { null
Line Number: 10 Start position: 80 IDENTIFIER foo null
Line Number: 10 Start position: 83 LEFT_PAREN ( null
Line Number: 10 Start position: 84 RIGHT_PAREN ) null
Line Number: 10 Start position: 86 LEFT_BRACE { null
Line Number: 11 Start position: 92 PRINT print null
Line Number: 11 Start position: 98 STRING "C.foo()" C.foo()
Line Number: 11 Start position: 107 SEMICOLON ; null
Line Number: 12 Start position: 113 SUPER super null
Line Number: 12 Start position: 118 DOT . null
Line Number: 12 Start position: 119 IDENTIFIER foo null
Line Number: 12 Start position: 122 LEFT_PAREN ( null
Line Number: 12 Start position: 123 RIGHT_PAREN ) null
Line Number: 12 Start position: 124 SEMICOLON ; null
Line Number: 13 Start position: 128 RIGHT_BRACE } null
Line Number: 14 Start position: 130 RIGHT_BRACE } null
Line Number: 16 Start position: 133 IDENTIFIER C null
Line Number: 16 Start position: 134 LEFT_PAREN ( null
Line Number: 16 Start position: 135 RIGHT_PAREN ) null
Line Number: 16 Start position: 136 DOT . null
Line Number: 16 Start position: 137 IDENTIFIER foo null
Line Number: 16 Start position: 140 LEFT_PAREN ( null
Line Number: 16 Start position: 141 RIGHT_PAREN ) null
Line Number: 16 Start position: 142 SEMICOLON ; null
Line Number: 19 Start position: 181 EOF  null
