Line Number: 1 Start position: 0 CLASS class null
Line Number: 1 Start position: 6 IDENTIFIER Base null
Line Number: 1 Start position: 11 LEFT_BRACE { null
Line Number: 2 Start position: 15 IDENTIFIER method null
Line Number: 2 Start position: 21 LEFT_PAREN ( null
Line Number: 2 Start position: 22 RIGHT_PAREN ) null
Line Number: 2 Start position: 24 LEFT_BRACE { null
Line Number: 3 Start position: 30 PRINT print null
Line Number: 3 Start position: 36 STRING "Base.method()" Base.method()
Line Number: 3 Start position: 51 SEMICOLON ; null
Line Number: 4 Start position: 55 RIGHT_BRACE } null
Line Number: 5 Start position: 57 RIGHT_BRACE } null
Line Number: 7 Start position: 60 CLASS class null
Line Number: 7 Start position: 66 IDENTIFIER Derived null
Line Number: 7 Start position: 74 LESS < null
Line Number: 7 Start position: 76 IDENTIFIER Base null
Line Number: 7 Start position: 81 LEFT_BRACE { null
Line Number: 8 Start position: 85 IDENTIFIER method null
Line Number: 8 Start position: 91 LEFT_PAREN ( null
Line Number: 8 Start position: 92 RIGHT_PAREN ) null
Line Number: 8 Start position: 94 LEFT_BRACE { null
Line Number: 9 Start position: 100 SUPER super null
Line Number: 9 Start position: 105 DOT . null
Line Number: 9 Start position: 106 IDENTIFIER method null
Line Number: 9 Start position: 112 LEFT_PAREN ( null
Line Number: 9 Start position: 113 RIGHT_PAREN ) null
Line Number: 9 Start position: 114 SEMICOLON ; null
Line Number: 10 Start position: 118 RIGHT_BRACE } null
Line Number: 11 Start position: 120 RIGHT_BRACE } null
Line Number: 13 Start position: 123 CLASS class null
Line Number: 13 Start position: 129 IDENTIFIER OtherBase null
Line Number: 13 Start position: 139 LEFT_BRACE { null
Line Number: 14 Start position: 143 IDENTIFIER method null
Line Number: 14 Start position: 149 LEFT_PAREN ( null
Line Number: 14 Start position: 150 RIGHT_PAREN ) null
Line Number: 14 Start position: 152 LEFT_BRACE { null
Line Number: 15 Start position: 158 PRINT print null
Line Number: 15 Start position: 164 STRING "OtherBase.method()" OtherBase.method()
Line Number: 15 Start position: 184 SEMICOLON ; null
Line Number: 16 Start position: 188 RIGHT_BRACE } null
Line Number: 17 Start position: 190 RIGHT_BRACE } null
Line Number: 19 Start position: 193 VAR var null
Line Number: 19 Start position: 197 IDENTIFIER derived null
Line Number: 19 Start position: 205 EQUAL = null
Line Number: 19 Start position: 207 IDENTIFIER Derived null
Line Number: 19 Start position: 214 LEFT_PAREN ( null
Line Number: 19 Start position: 215 RIGHT_PAREN ) null
Line Number: 19 Start position: 216 SEMICOLON ; null
Line Number: 20 Start position: 218 IDENTIFIER derived null
Line Number: 20 Start position: 225 DOT . null
Line Number: 20 Start position: 226 IDENTIFIER method null
Line Number: 20 Start position: 232 LEFT_PAREN ( null
Line Number: 20 Start position: 233 RIGHT_PAREN ) null
Line Number: 20 Start position: 234 SEMICOLON ; null
Line Number: 21 Start position: 261 IDENTIFIER Base null
Line Number: 21 Start position: 266 EQUAL = null
Line Number: 21 Start position: 268 IDENTIFIER OtherBase null
Line Number: 21 Start position: 277 SEMICOLON ; null
Line Number: 22 Start position: 279 IDENTIFIER derived null
Line Number: 22 Start position: 286 DOT . null
Line Number: 22 Start position: 287 IDENTIFIER method null
Line Number: 22 Start position: 293 LEFT_PAREN ( null
Line Number: 22 Start position: 294 RIGHT_PAREN ) null
Line Number: 22 Start position: 295 SEMICOLON ; null
Line Number: 23 Start position: 321 EOF  null
