Line Number: 1 Start position: 0 CLASS class null
Line Number: 1 Start position: 6 IDENTIFIER A null
Line Number: 1 Start position: 8 LEFT_BRACE { null
Line Number: 2 Start position: 12 IDENTIFIER say null
Line Number: 2 Start position: 15 LEFT_PAREN ( null
Line Number: 2 Start position: 16 RIGHT_PAREN ) null
Line Number: 2 Start position: 18 LEFT_BRACE { null
Line Number: 3 Start position: 24 PRINT print null
Line Number: 3 Start position: 30 STRING "A" A
Line Number: 3 Start position: 33 SEMICOLON ; null
Line Number: 4 Start position: 37 RIGHT_BRACE } null
Line Number: 5 Start position: 39 RIGHT_BRACE } null
Line Number: 7 Start position: 42 CLASS class null
Line Number: 7 Start position: 48 IDENTIFIER B null
Line Number: 7 Start position: 50 LESS < null
Line Number: 7 Start position: 52 IDENTIFIER A null
Line Number: 7 Start position: 54 LEFT_BRACE { null
Line Number: 8 Start position: 58 IDENTIFIER getClosure null
Line Number: 8 Start position: 68 LEFT_PAREN ( null
Line Number: 8 Start position: 69 RIGHT_PAREN ) null
Line Number: 8 Start position: 71 LEFT_BRACE { null
Line Number: 9 Start position: 77 FUN fun null
Line Number: 9 Start position: 81 IDENTIFIER closure null
Line Number: 9 Start position: 88 LEFT_PAREN ( null
Line Number: 9 Start position: 89 RIGHT_PAREN ) null
Line Number: 9 Start position: 91 LEFT_BRACE { null
Line Number: 10 Start position: 99 SUPER super null
Line Number: 10 Start position: 104 DOT . null
Line Number: 10 Start position: 105 IDENTIFIER say null
Line Number: 10 Start position: 108 LEFT_PAREN ( null
Line Number: 10 Start position: 109 RIGHT_PAREN ) null
Line Number: 10 Start position: 110 SEMICOLON ; null
Line Number: 11 Start position: 116 RIGHT_BRACE } null
Line Number: 12 Start position: 122 RETURN return null
Line Number: 12 Start position: 129 IDENTIFIER closure null
Line Number: 12 Start position: 136 SEMICOLON ; null
Line Number: 13 Start position: 140 RIGHT_BRACE } null
Line Number: 15 Start position: 145 IDENTIFIER say null
Line Number: 15 Start position: 148 LEFT_PAREN ( null
Line Number: 15 Start position: 149 RIGHT_PAREN ) null
Line Number: 15 Start position: 151 LEFT_BRACE { null
Line Number: 16 Start position: 157 PRINT print null
Line Number: 16 Start position: 163 STRING "B" B
Line Number: 16 Start position: 166 SEMICOLON ; null
Line Number: 17 Start position: 170 RIGHT_BRACE } null
Line Number: 18 Start position: 172 RIGHT_BRACE } null
Line Number: 20 Start position: 175 CLASS class null
Line Number: 20 Start position: 181 IDENTIFIER C null
Line Number: 20 Start position: 183 LESS < null
Line Number: 20 Start position: 185 IDENTIFIER B null
Line Number: 20 Start position: 187 LEFT_BRACE { null
Line Number: 21 Start position: 191 IDENTIFIER say null
Line Number: 21 Start position: 194 LEFT_PAREN ( null
Line Number: 21 Start position: 195 RIGHT_PAREN ) null
Line Number: 21 Start position: 197 LEFT_BRACE { null
Line Number: 22 Start position: 203 PRINT print null
Line Number: 22 Start position: 209 STRING "C" C
Line Number: 22 Start position: 212 SEMICOLON ; null
Line Number: 23 Start position: 216 RIGHT_BRACE } null
Line Number: 24 Start position: 218 RIGHT_BRACE } null
Line Number: 26 Start position: 221 IDENTIFIER C null
Line Number: 26 Start position: 222 LEFT_PAREN ( null
Line Number: 26 Start position: 223 RIGHT_PAREN ) null
Line Number: 26 Start position: 224 DOT . null
Line Number: 26 Start position: 225 IDENTIFIER getClosure null
Line Number: 26 Start position: 235 LEFT_PAREN ( null
Line Number: 26 Start position: 236 RIGHT_PAREN ) null
Line Number: 26 Start position: 237 LEFT_PAREN ( null
Line Number: 26 Start position: 238 RIGHT_PAREN ) null
Line Number: 26 Start position: 239 SEMICOLON ; null
Line Number: 27 Start position: 253 EOF  null
