Line Number: 1 Start position: 0 VAR var null
Line Number: 1 Start position: 4 IDENTIFIER a null
Line Number: 1 Start position: 6 EQUAL = null
Line Number: 1 Start position: 8 STRING "a" a
Line Number: 1 Start position: 11 SEMICOLON ; null
Line Number: 2 Start position: 13 VAR var null
Line Number: 2 Start position: 17 IDENTIFIER b null
Line Number: 2 Start position: 19 EQUAL = null
Line Number: 2 Start position: 21 STRING "b" b
Line Number: 2 Start position: 24 SEMICOLON ; null
Line Number: 3 Start position: 26 VAR var null
Line Number: 3 Start position: 30 IDENTIFIER c null
Line Number: 3 Start position: 32 EQUAL = null
Line Number: 3 Start position: 34 STRING "c" c
Line Number: 3 Start position: 37 SEMICOLON ; null
Line Number: 6 Start position: 76 IDENTIFIER a null
Line Number: 6 Start position: 78 EQUAL = null
Line Number: 6 Start position: 80 IDENTIFIER b null
Line Number: 6 Start position: 82 EQUAL = null
Line Number: 6 Start position: 84 IDENTIFIER c null
Line Number: 6 Start position: 85 SEMICOLON ; null
Line Number: 7 Start position: 87 PRINT print null
Line Number: 7 Start position: 93 IDENTIFIER a null
Line Number: 7 Start position: 94 SEMICOLON ; null
Line Number: 8 Start position: 109 PRINT print null
Line Number: 8 Start position: 115 IDENTIFIER b null
Line Number: 8 Start position: 116 SEMICOLON ; null
Line Number: 9 Start position: 131 PRINT print null
Line Number: 9 Start position: 137 IDENTIFIER c null
Line Number: 9 Start position: 138 SEMICOLON ; null
Line Number: 10 Start position: 152 EOF  null
