Line Number: 1 Start position: 0 VAR var null
Line Number: 1 Start position: 4 IDENTIFIER f1 null
Line Number: 1 Start position: 6 SEMICOLON ; null
Line Number: 2 Start position: 8 VAR var null
Line Number: 2 Start position: 12 IDENTIFIER f2 null
Line Number: 2 Start position: 14 SEMICOLON ; null
Line Number: 3 Start position: 16 VAR var null
Line Number: 3 Start position: 20 IDENTIFIER f3 null
Line Number: 3 Start position: 22 SEMICOLON ; null
Line Number: 5 Start position: 25 VAR var null
Line Number: 5 Start position: 29 IDENTIFIER i null
Line Number: 5 Start position: 31 EQUAL = null
Line Number: 5 Start position: 33 NUMBER 1 1.0
Line Number: 5 Start position: 34 SEMICOLON ; null
Line Number: 6 Start position: 36 WHILE while null
Line Number: 6 Start position: 42 LEFT_PAREN ( null
Line Number: 6 Start position: 43 IDENTIFIER i null
Line Number: 6 Start position: 45 LESS < null
Line Number: 6 Start position: 47 NUMBER 4 4.0
Line Number: 6 Start position: 48 RIGHT_PAREN ) null
Line Number: 6 Start position: 50 LEFT_BRACE { null
Line Number: 7 Start position: 54 VAR var null
Line Number: 7 Start position: 58 IDENTIFIER j null
Line Number: 7 Start position: 60 EQUAL = null
Line Number: 7 Start position: 62 IDENTIFIER i null
Line Number: 7 Start position: 63 SEMICOLON ; null
Line Number: 8 Start position: 67 FUN fun null
Line Number: 8 Start position: 71 IDENTIFIER f null
Line Number: 8 Start position: 72 LEFT_PAREN ( null
Line Number: 8 Start position: 73 RIGHT_PAREN ) null
Line Number: 8 Start position: 75 LEFT_BRACE { null
Line Number: 8 Start position: 77 PRINT print null
Line Number: 8 Start position: 83 IDENTIFIER j null
Line Number: 8 Start position: 84 SEMICOLON ; null
Line Number: 8 Start position: 86 RIGHT_BRACE } null
Line Number: 10 Start position: 91 IF if null
Line Number: 10 Start position: 94 LEFT_PAREN ( null
Line Number: 10 Start position: 95 IDENTIFIER j null
Line Number: 10 Start position: 97 EQUAL_EQUAL == null
Line Number: 10 Start position: 100 NUMBER 1 1.0
Line Number: 10 Start position: 101 RIGHT_PAREN ) null
Line Number: 10 Start position: 103 IDENTIFIER f1 null
Line Number: 10 Start position: 106 EQUAL = null
Line Number: 10 Start position: 108 IDENTIFIER f null
Line Number: 10 Start position: 109 SEMICOLON ; null
Line Number: 11 Start position: 113 ELSE else null
Line Number: 11 Start position: 118 IF if null
Line Number: 11 Start position: 121 LEFT_PAREN ( null
Line Number: 11 Start position: 122 IDENTIFIER j null
Line Number: 11 Start position: 124 EQUAL_EQUAL == null
Line Number: 11 Start position: 127 NUMBER 2 2.0
Line Number: 11 Start position: 128 RIGHT_PAREN ) null
Line Number: 11 Start position: 130 IDENTIFIER f2 null
Line Number: 11 Start position: 133 EQUAL = null
Line Number: 11 Start position: 135 IDENTIFIER f null
Line Number: 11 Start position: 136 SEMICOLON ; null
Line Number: 12 Start position: 140 ELSE else null
Line Number: 12 Start position: 145 IDENTIFIER f3 null
Line Number: 12 Start position: 148 EQUAL = null
Line Number: 12 Start position: 150 IDENTIFIER f null
Line Number: 12 Start position: 151 SEMICOLON ; null
Line Number: 14 Start position: 156 IDENTIFIER i null
Line Number: 14 Start position: 158 EQUAL = null
Line Number: 14 Start position: 160 IDENTIFIER i null
Line Number: 14 Start position: 162 PLUS + null
Line Number: 14 Start position: 164 NUMBER 1 1.0
Line Number: 14 Start position: 165 SEMICOLON ; null
Line Number: 15 Start position: 167 RIGHT_BRACE } null
Line Number: 17 Start position: 170 IDENTIFIER f1 null
Line Number: 17 Start position: 172 LEFT_PAREN ( null
Line Number: 17 Start position: 173 RIGHT_PAREN ) null
Line Number: 17 Start position: 174 SEMICOLON ; null
Line Number: 18 Start position: 189 IDENTIFIER f2 null
Line Number: 18 Start position: 191 LEFT_PAREN ( null
Line Number: 18 Start position: 192 RIGHT_PAREN ) null
Line Number: 18 Start position: 193 SEMICOLON ; null
Line Number: 19 Start position: 208 IDENTIFIER f3 null
Line Number: 19 Start position: 210 LEFT_PAREN ( null
Line Number: 19 Start position: 211 RIGHT_PAREN ) null
Line Number: 19 Start position: 212 SEMICOLON ; null
Line Number: 20 Start position: 226 EOF  null
