Line Number: 1 Start position: 0 FUN fun null
Line Number: 1 Start position: 4 IDENTIFIER f null
Line Number: 1 Start position: 5 LEFT_PAREN ( null
Line Number: 1 Start position: 6 RIGHT_PAREN ) null
Line Number: 1 Start position: 8 LEFT_BRACE { null
Line Number: 2 Start position: 12 WHILE while null
Line Number: 2 Start position: 18 LEFT_PAREN ( null
Line Number: 2 Start position: 19 TRUE true null
Line Number: 2 Start position: 23 RIGHT_PAREN ) null
Line Number: 2 Start position: 25 LEFT_BRACE { null
Line Number: 3 Start position: 31 VAR var null
Line Number: 3 Start position: 35 IDENTIFIER i null
Line Number: 3 Start position: 37 EQUAL = null
Line Number: 3 Start position: 39 STRING "i" i
Line Number: 3 Start position: 42 SEMICOLON ; null
Line Number: 4 Start position: 48 FUN fun null
Line Number: 4 Start position: 52 IDENTIFIER g null
Line Number: 4 Start position: 53 LEFT_PAREN ( null
Line Number: 4 Start position: 54 RIGHT_PAREN ) null
Line Number: 4 Start position: 56 LEFT_BRACE { null
Line Number: 4 Start position: 58 PRINT print null
Line Number: 4 Start position: 64 IDENTIFIER i null
Line Number: 4 Start position: 65 SEMICOLON ; null
Line Number: 4 Start position: 67 RIGHT_BRACE } null
Line Number: 5 Start position: 73 RETURN return null
Line Number: 5 Start position: 80 IDENTIFIER g null
Line Number: 5 Start position: 81 SEMICOLON ; null
Line Number: 6 Start position: 85 RIGHT_BRACE } null
Line Number: 7 Start position: 87 RIGHT_BRACE } null
Line Number: 9 Start position: 90 VAR var null
Line Number: 9 Start position: 94 IDENTIFIER h null
Line Number: 9 Start position: 96 EQUAL = null
Line Number: 9 Start position: 98 IDENTIFIER f null
Line Number: 9 Start position: 99 LEFT_PAREN ( null
Line Number: 9 Start position: 100 RIGHT_PAREN ) null
Line Number: 9 Start position: 101 SEMICOLON ; null
Line Number: 10 Start position: 103 IDENTIFIER h null
Line Number: 10 Start position: 104 LEFT_PAREN ( null
Line Number: 10 Start position: 105 RIGHT_PAREN ) null
Line Number: 10 Start position: 106 SEMICOLON ; null
Line Number: 11 Start position: 120 EOF  null
