Line Number: 2 Start position: 27 VAR var null
Line Number: 2 Start position: 31 IDENTIFIER c null
Line Number: 2 Start position: 33 EQUAL = null
Line Number: 2 Start position: 35 NUMBER 0 0.0
Line Number: 2 Start position: 36 SEMICOLON ; null
Line Number: 3 Start position: 38 WHILE while null
Line Number: 3 Start position: 44 LEFT_PAREN ( null
Line Number: 3 Start position: 45 IDENTIFIER c null
Line Number: 3 Start position: 47 LESS < null
Line Number: 3 Start position: 49 NUMBER 3 3.0
Line Number: 3 Start position: 50 RIGHT_PAREN ) null
Line Number: 3 Start position: 52 PRINT print null
Line Number: 3 Start position: 58 IDENTIFIER c null
Line Number: 3 Start position: 60 EQUAL = null
Line Number: 3 Start position: 62 IDENTIFIER c null
Line Number: 3 Start position: 64 PLUS + null
Line Number: 3 Start position: 66 NUMBER 1 1.0
Line Number: 3 Start position: 67 SEMICOLON ; null
Line Number: 9 Start position: 124 VAR var null
Line Number: 9 Start position: 128 IDENTIFIER a null
Line Number: 9 Start position: 130 EQUAL = null
Line Number: 9 Start position: 132 NUMBER 0 0.0
Line Number: 9 Start position: 133 SEMICOLON ; null
Line Number: 10 Start position: 135 WHILE while null
Line Number: 10 Start position: 141 LEFT_PAREN ( null
Line Number: 10 Start position: 142 IDENTIFIER a null
Line Number: 10 Start position: 144 LESS < null
Line Number: 10 Start position: 146 NUMBER 3 3.0
Line Number: 10 Start position: 147 RIGHT_PAREN ) null
Line Number: 10 Start position: 149 LEFT_BRACE { null
Line Number: 11 Start position: 153 PRINT print null
Line Number: 11 Start position: 159 IDENTIFIER a null
Line Number: 11 Start position: 160 SEMICOLON ; null
Line Number: 12 Start position: 164 IDENTIFIER a null
Line Number: 12 Start position: 166 EQUAL = null
Line Number: 12 Start position: 168 IDENTIFIER a null
Line Number: 12 Start position: 170 PLUS + null
Line Number: 12 Start position: 172 NUMBER 1 1.0
Line Number: 12 Start position: 173 SEMICOLON ; null
Line Number: 13 Start position: 175 RIGHT_BRACE } null
Line Number: 19 Start position: 238 WHILE while null
Line Number: 19 Start position: 244 LEFT_PAREN ( null
Line Number: 19 Start position: 245 FALSE false null
Line Number: 19 Start position: 250 RIGHT_PAREN ) null
Line Number: 19 Start position: 252 IF if null
Line Number: 19 Start position: 255 LEFT_PAREN ( null
Line Number: 19 Start position: 256 TRUE true null
Line Number: 19 Start position: 260 RIGHT_PAREN ) null
Line Number: 19 Start position: 262 NUMBER 1 1.0
Line Number: 19 Start position: 263 SEMICOLON ; null
Line Number: 19 Start position: 265 ELSE else null
Line Number: 19 Start position: 270 NUMBER 2 2.0
Line Number: 19 Start position: 271 SEMICOLON ; null
Line Number: 20 Start position: 273 WHILE while null
Line Number: 20 Start position: 279 LEFT_PAREN ( null
Line Number: 20 Start position: 280 FALSE false null
Line Number: 20 Start position: 285 RIGHT_PAREN ) null
Line Number: 20 Start position: 287 WHILE while null
Line Number: 20 Start position: 293 LEFT_PAREN ( null
Line Number: 20 Start position: 294 TRUE true null
Line Number: 20 Start position: 298 RIGHT_PAREN ) null
Line Number: 20 Start position: 300 NUMBER 1 1.0
Line Number: 20 Start position: 301 SEMICOLON ; null
Line Number: 21 Start position: 303 WHILE while null
Line Number: 21 Start position: 309 LEFT_PAREN ( null
Line Number: 21 Start position: 310 FALSE false null
Line Number: 21 Start position: 315 RIGHT_PAREN ) null
Line Number: 21 Start position: 317 FOR for null
Line Number: 21 Start position: 321 LEFT_PAREN ( null
Line Number: 21 Start position: 322 SEMICOLON ; null
Line Number: 21 Start position: 323 SEMICOLON ; null
Line Number: 21 Start position: 324 RIGHT_PAREN ) null
Line Number: 21 Start position: 326 NUMBER 1 1.0
Line Number: 21 Start position: 327 SEMICOLON ; null
Line Number: 22 Start position: 328 EOF  null
