Line Number: 1 Start position: 0 VAR var null
Line Number: 1 Start position: 4 IDENTIFIER a null
Line Number: 1 Start position: 6 EQUAL = null
Line Number: 1 Start position: 8 STRING "outer" outer
Line Number: 1 Start position: 15 SEMICOLON ; null
Line Number: 2 Start position: 17 LEFT_BRACE { null
Line Number: 3 Start position: 21 FUN fun null
Line Number: 3 Start position: 25 IDENTIFIER foo null
Line Number: 3 Start position: 28 LEFT_PAREN ( null
Line Number: 3 Start position: 29 RIGHT_PAREN ) null
Line Number: 3 Start position: 31 LEFT_BRACE { null
Line Number: 4 Start position: 37 PRINT print null
Line Number: 4 Start position: 43 IDENTIFIER a null
Line Number: 4 Start position: 44 SEMICOLON ; null
Line Number: 5 Start position: 48 RIGHT_BRACE } null
Line Number: 7 Start position: 53 IDENTIFIER foo null
Line Number: 7 Start position: 56 LEFT_PAREN ( null
Line Number: 7 Start position: 57 RIGHT_PAREN ) null
Line Number: 7 Start position: 58 SEMICOLON ; null
Line Number: 8 Start position: 79 VAR var null
Line Number: 8 Start position: 83 IDENTIFIER a null
Line Number: 8 Start position: 85 EQUAL = null
Line Number: 8 Start position: 87 STRING "inner" inner
Line Number: 8 Start position: 94 SEMICOLON ; null
Line Number: 9 Start position: 98 IDENTIFIER foo null
Line Number: 9 Start position: 101 LEFT_PAREN ( null
Line Number: 9 Start position: 102 RIGHT_PAREN ) null
Line Number: 9 Start position: 103 SEMICOLON ; null
Line Number: 10 Start position: 122 RIGHT_BRACE } null
Line Number: 11 Start position: 123 EOF  null
