Line Number: 1 Start position: 0 LEFT_BRACE { null
Line Number: 2 Start position: 4 VAR var null
Line Number: 2 Start position: 8 IDENTIFIER a null
Line Number: 2 Start position: 10 EQUAL = null
Line Number: 2 Start position: 12 STRING "local" local
Line Number: 2 Start position: 19 SEMICOLON ; null
Line Number: 3 Start position: 23 LEFT_BRACE { null
Line Number: 4 Start position: 29 VAR var null
Line Number: 4 Start position: 33 IDENTIFIER a null
Line Number: 4 Start position: 35 EQUAL = null
Line Number: 4 Start position: 37 STRING "shadow" shadow
Line Number: 4 Start position: 45 SEMICOLON ; null
Line Number: 5 Start position: 51 PRINT print null
Line Number: 5 Start position: 57 IDENTIFIER a null
Line Number: 5 Start position: 58 SEMICOLON ; null
Line Number: 6 Start position: 80 RIGHT_BRACE } null
Line Number: 7 Start position: 84 PRINT print null
Line Number: 7 Start position: 90 IDENTIFIER a null
Line Number: 7 Start position: 91 SEMICOLON ; null
Line Number: 8 Start position: 110 RIGHT_BRACE } null
Line Number: 9 Start position: 111 EOF  null
