Line Number: 2 Start position: 35 PRINT print null
Line Number: 2 Start position: 41 NUMBER 2 2.0
Line Number: 2 Start position: 43 PLUS + null
Line Number: 2 Start position: 45 NUMBER 3 3.0
Line Number: 2 Start position: 47 STAR * null
Line Number: 2 Start position: 49 NUMBER 4 4.0
Line Number: 2 Start position: 50 SEMICOLON ; null
Line Number: 5 Start position: 102 PRINT print null
Line Number: 5 Start position: 108 NUMBER 20 20.0
Line Number: 5 Start position: 111 MINUS - null
Line Number: 5 Start position: 113 NUMBER 3 3.0
Line Number: 5 Start position: 115 STAR * null
Line Number: 5 Start position: 117 NUMBER 4 4.0
Line Number: 5 Start position: 118 SEMICOLON ; null
Line Number: 8 Start position: 169 PRINT print null
Line Number: 8 Start position: 175 NUMBER 2 2.0
Line Number: 8 Start position: 177 PLUS + null
Line Number: 8 Start position: 179 NUMBER 6 6.0
Line Number: 8 Start position: 181 SLASH / null
Line Number: 8 Start position: 183 NUMBER 3 3.0
Line Number: 8 Start position: 184 SEMICOLON ; null
Line Number: 11 Start position: 235 PRINT print null
Line Number: 11 Start position: 241 NUMBER 2 2.0
Line Number: 11 Start position: 243 MINUS - null
Line Number: 11 Start position: 245 NUMBER 6 6.0
Line Number: 11 Start position: 247 SLASH / null
Line Number: 11 Start position: 249 NUMBER 3 3.0
Line Number: 11 Start position: 250 SEMICOLON ; null
Line Number: 14 Start position: 302 PRINT print null
Line Number: 14 Start position: 308 FALSE false null
Line Number: 14 Start position: 314 EQUAL_EQUAL == null
Line Number: 14 Start position: 317 NUMBER 2 2.0
Line Number: 14 Start position: 319 LESS < null
Line Number: 14 Start position: 321 NUMBER 1 1.0
Line Number: 14 Start position: 322 SEMICOLON ; null
Line Number: 17 Start position: 377 PRINT print null
Line Number: 17 Start position: 383 FALSE false null
Line Number: 17 Start position: 389 EQUAL_EQUAL == null
Line Number: 17 Start position: 392 NUMBER 1 1.0
Line Number: 17 Start position: 394 GREATER > null
Line Number: 17 Start position: 396 NUMBER 2 2.0
Line Number: 17 Start position: 397 SEMICOLON ; null
Line Number: 20 Start position: 453 PRINT print null
Line Number: 20 Start position: 459 FALSE false null
Line Number: 20 Start position: 465 EQUAL_EQUAL == null
Line Number: 20 Start position: 468 NUMBER 2 2.0
Line Number: 20 Start position: 470 LESS_EQUAL <= null
Line Number: 20 Start position: 473 NUMBER 1 1.0
Line Number: 20 Start position: 474 SEMICOLON ; null
Line Number: 23 Start position: 530 PRINT print null
Line Number: 23 Start position: 536 FALSE false null
Line Number: 23 Start position: 542 EQUAL_EQUAL == null
Line Number: 23 Start position: 545 NUMBER 1 1.0
Line Number: 23 Start position: 547 GREATER_EQUAL >= null
Line Number: 23 Start position: 550 NUMBER 2 2.0
Line Number: 23 Start position: 551 SEMICOLON ; null
Line Number: 26 Start position: 603 PRINT print null
Line Number: 26 Start position: 609 NUMBER 1 1.0
Line Number: 26 Start position: 611 MINUS - null
Line Number: 26 Start position: 613 NUMBER 1 1.0
Line Number: 26 Start position: 614 SEMICOLON ; null
Line Number: 27 Start position: 629 PRINT print null
Line Number: 27 Start position: 635 NUMBER 1 1.0
Line Number: 27 Start position: 637 MINUS - null
Line Number: 27 Start position: 638 NUMBER 1 1.0
Line Number: 27 Start position: 639 SEMICOLON ; null
Line Number: 28 Start position: 655 PRINT print null
Line Number: 28 Start position: 661 NUMBER 1 1.0
Line Number: 28 Start position: 662 MINUS - null
Line Number: 28 Start position: 664 NUMBER 1 1.0
Line Number: 28 Start position: 665 SEMICOLON ; null
Line Number: 29 Start position: 681 PRINT print null
Line Number: 29 Start position: 687 NUMBER 1 1.0
Line Number: 29 Start position: 688 MINUS - null
Line Number: 29 Start position: 689 NUMBER 1 1.0
Line Number: 29 Start position: 690 SEMICOLON ; null
Line Number: 32 Start position: 734 PRINT print null
Line Number: 32 Start position: 740 LEFT_PAREN ( null
Line Number: 32 Start position: 741 NUMBER 2 2.0
Line Number: 32 Start position: 743 STAR * null
Line Number: 32 Start position: 745 LEFT_PAREN ( null
Line Number: 32 Start position: 746 NUMBER 6 6.0
Line Number: 32 Start position: 748 MINUS - null
Line Number: 32 Start position: 750 LEFT_PAREN ( null
Line Number: 32 Start position: 751 NUMBER 2 2.0
Line Number: 32 Start position: 753 PLUS + null
Line Number: 32 Start position: 755 NUMBER 2 2.0
Line Number: 32 Start position: 756 RIGHT_PAREN ) null
Line Number: 32 Start position: 757 RIGHT_PAREN ) null
Line Number: 32 Start position: 758 RIGHT_PAREN ) null
Line Number: 32 Start position: 759 SEMICOLON ; null
Line Number: 33 Start position: 773 EOF  null
