Line Number: 1 Start position: 0 CLASS class null
Line Number: 1 Start position: 6 IDENTIFIER Foo null
Line Number: 1 Start position: 10 LEFT_BRACE { null
Line Number: 3 Start position: 35 IDENTIFIER method null
Line Number: 3 Start position: 41 LEFT_PAREN ( null
Line Number: 4 Start position: 47 IDENTIFIER a1 null
Line Number: 4 Start position: 49 COMMA , null
Line Number: 5 Start position: 55 IDENTIFIER a2 null
Line Number: 5 Start position: 57 COMMA , null
Line Number: 6 Start position: 63 IDENTIFIER a3 null
Line Number: 6 Start position: 65 COMMA , null
Line Number: 7 Start position: 71 IDENTIFIER a4 null
Line Number: 7 Start position: 73 COMMA , null
Line Number: 8 Start position: 79 IDENTIFIER a5 null
Line Number: 8 Start position: 81 COMMA , null
Line Number: 9 Start position: 87 IDENTIFIER a6 null
Line Number: 9 Start position: 89 COMMA , null
Line Number: 10 Start position: 95 IDENTIFIER a7 null
Line Number: 10 Start position: 97 COMMA , null
Line Number: 11 Start position: 103 IDENTIFIER a8 null
Line Number: 11 Start position: 105 COMMA , null
Line Number: 12 Start position: 111 IDENTIFIER a9 null
Line Number: 12 Start position: 113 COMMA , null
Line Number: 13 Start position: 119 IDENTIFIER a10 null
Line Number: 13 Start position: 122 COMMA , null
Line Number: 14 Start position: 128 IDENTIFIER a11 null
Line Number: 14 Start position: 131 COMMA , null
Line Number: 15 Start position: 137 IDENTIFIER a12 null
Line Number: 15 Start position: 140 COMMA , null
Line Number: 16 Start position: 146 IDENTIFIER a13 null
Line Number: 16 Start position: 149 COMMA , null
Line Number: 17 Start position: 155 IDENTIFIER a14 null
Line Number: 17 Start position: 158 COMMA , null
Line Number: 18 Start position: 164 IDENTIFIER a15 null
Line Number: 18 Start position: 167 COMMA , null
Line Number: 19 Start position: 173 IDENTIFIER a16 null
Line Number: 19 Start position: 176 COMMA , null
Line Number: 20 Start position: 182 IDENTIFIER a17 null
Line Number: 20 Start position: 185 COMMA , null
Line Number: 21 Start position: 191 IDENTIFIER a18 null
Line Number: 21 Start position: 194 COMMA , null
Line Number: 22 Start position: 200 IDENTIFIER a19 null
Line Number: 22 Start position: 203 COMMA , null
Line Number: 23 Start position: 209 IDENTIFIER a20 null
Line Number: 23 Start position: 212 COMMA , null
Line Number: 24 Start position: 218 IDENTIFIER a21 null
Line Number: 24 Start position: 221 COMMA , null
Line Number: 25 Start position: 227 IDENTIFIER a22 null
Line Number: 25 Start position: 230 COMMA , null
Line Number: 26 Start position: 236 IDENTIFIER a23 null
Line Number: 26 Start position: 239 COMMA , null
Line Number: 27 Start position: 245 IDENTIFIER a24 null
Line Number: 27 Start position: 248 COMMA , null
Line Number: 28 Start position: 254 IDENTIFIER a25 null
Line Number: 28 Start position: 257 COMMA , null
Line Number: 29 Start position: 263 IDENTIFIER a26 null
Line Number: 29 Start position: 266 COMMA , null
Line Number: 30 Start position: 272 IDENTIFIER a27 null
Line Number: 30 Start position: 275 COMMA , null
Line Number: 31 Start position: 281 IDENTIFIER a28 null
Line Number: 31 Start position: 284 COMMA , null
Line Number: 32 Start position: 290 IDENTIFIER a29 null
Line Number: 32 Start position: 293 COMMA , null
Line Number: 33 Start position: 299 IDENTIFIER a30 null
Line Number: 33 Start position: 302 COMMA , null
Line Number: 34 Start position: 308 IDENTIFIER a31 null
Line Number: 34 Start position: 311 COMMA , null
Line Number: 35 Start position: 317 IDENTIFIER a32 null
Line Number: 35 Start position: 320 COMMA , null
Line Number: 36 Start position: 326 IDENTIFIER a33 null
Line Number: 36 Start position: 329 COMMA , null
Line Number: 37 Start position: 335 IDENTIFIER a34 null
Line Number: 37 Start position: 338 COMMA , null
Line Number: 38 Start position: 344 IDENTIFIER a35 null
Line Number: 38 Start position: 347 COMMA , null
Line Number: 39 Start position: 353 IDENTIFIER a36 null
Line Number: 39 Start position: 356 COMMA , null
Line Number: 40 Start position: 362 IDENTIFIER a37 null
Line Number: 40 Start position: 365 COMMA , null
Line Number: 41 Start position: 371 IDENTIFIER a38 null
Line Number: 41 Start position: 374 COMMA , null
Line Number: 42 Start position: 380 IDENTIFIER a39 null
Line Number: 42 Start position: 383 COMMA , null
Line Number: 43 Start position: 389 IDENTIFIER a40 null
Line Number: 43 Start position: 392 COMMA , null
Line Number: 44 Start position: 398 IDENTIFIER a41 null
Line Number: 44 Start position: 401 COMMA , null
Line Number: 45 Start position: 407 IDENTIFIER a42 null
Line Number: 45 Start position: 410 COMMA , null
Line Number: 46 Start position: 416 IDENTIFIER a43 null
Line Number: 46 Start position: 419 COMMA , null
Line Number: 47 Start position: 425 IDENTIFIER a44 null
Line Number: 47 Start position: 428 COMMA , null
Line Number: 48 Start position: 434 IDENTIFIER a45 null
Line Number: 48 Start position: 437 COMMA , null
Line Number: 49 Start position: 443 IDENTIFIER a46 null
Line Number: 49 Start position: 446 COMMA , null
Line Number: 50 Start position: 452 IDENTIFIER a47 null
Line Number: 50 Start position: 455 COMMA , null
Line Number: 51 Start position: 461 IDENTIFIER a48 null
Line Number: 51 Start position: 464 COMMA , null
Line Number: 52 Start position: 470 IDENTIFIER a49 null
Line Number: 52 Start position: 473 COMMA , null
Line Number: 53 Start position: 479 IDENTIFIER a50 null
Line Number: 53 Start position: 482 COMMA , null
Line Number: 54 Start position: 488 IDENTIFIER a51 null
Line Number: 54 Start position: 491 COMMA , null
Line Number: 55 Start position: 497 IDENTIFIER a52 null
Line Number: 55 Start position: 500 COMMA , null
Line Number: 56 Start position: 506 IDENTIFIER a53 null
Line Number: 56 Start position: 509 COMMA , null
Line Number: 57 Start position: 515 IDENTIFIER a54 null
Line Number: 57 Start position: 518 COMMA , null
Line Number: 58 Start position: 524 IDENTIFIER a55 null
Line Number: 58 Start position: 527 COMMA , null
Line Number: 59 Start position: 533 IDENTIFIER a56 null
Line Number: 59 Start position: 536 COMMA , null
Line Number: 60 Start position: 542 IDENTIFIER a57 null
Line Number: 60 Start position: 545 COMMA , null
Line Number: 61 Start position: 551 IDENTIFIER a58 null
Line Number: 61 Start position: 554 COMMA , null
Line Number: 62 Start position: 560 IDENTIFIER a59 null
Line Number: 62 Start position: 563 COMMA , null
Line Number: 63 Start position: 569 IDENTIFIER a60 null
Line Number: 63 Start position: 572 COMMA , null
Line Number: 64 Start position: 578 IDENTIFIER a61 null
Line Number: 64 Start position: 581 COMMA , null
Line Number: 65 Start position: 587 IDENTIFIER a62 null
Line Number: 65 Start position: 590 COMMA , null
Line Number: 66 Start position: 596 IDENTIFIER a63 null
Line Number: 66 Start position: 599 COMMA , null
Line Number: 67 Start position: 605 IDENTIFIER a64 null
Line Number: 67 Start position: 608 COMMA , null
Line Number: 68 Start position: 614 IDENTIFIER a65 null
Line Number: 68 Start position: 617 COMMA , null
Line Number: 69 Start position: 623 IDENTIFIER a66 null
Line Number: 69 Start position: 626 COMMA , null
Line Number: 70 Start position: 632 IDENTIFIER a67 null
Line Number: 70 Start position: 635 COMMA , null
Line Number: 71 Start position: 641 IDENTIFIER a68 null
Line Number: 71 Start position: 644 COMMA , null
Line Number: 72 Start position: 650 IDENTIFIER a69 null
Line Number: 72 Start position: 653 COMMA , null
Line Number: 73 Start position: 659 IDENTIFIER a70 null
Line Number: 73 Start position: 662 COMMA , null
Line Number: 74 Start position: 668 IDENTIFIER a71 null
Line Number: 74 Start position: 671 COMMA , null
Line Number: 75 Start position: 677 IDENTIFIER a72 null
Line Number: 75 Start position: 680 COMMA , null
Line Number: 76 Start position: 686 IDENTIFIER a73 null
Line Number: 76 Start position: 689 COMMA , null
Line Number: 77 Start position: 695 IDENTIFIER a74 null
Line Number: 77 Start position: 698 COMMA , null
Line Number: 78 Start position: 704 IDENTIFIER a75 null
Line Number: 78 Start position: 707 COMMA , null
Line Number: 79 Start position: 713 IDENTIFIER a76 null
Line Number: 79 Start position: 716 COMMA , null
Line Number: 80 Start position: 722 IDENTIFIER a77 null
Line Number: 80 Start position: 725 COMMA , null
Line Number: 81 Start position: 731 IDENTIFIER a78 null
Line Number: 81 Start position: 734 COMMA , null
Line Number: 82 Start position: 740 IDENTIFIER a79 null
Line Number: 82 Start position: 743 COMMA , null
Line Number: 83 Start position: 749 IDENTIFIER a80 null
Line Number: 83 Start position: 752 COMMA , null
Line Number: 84 Start position: 758 IDENTIFIER a81 null
Line Number: 84 Start position: 761 COMMA , null
Line Number: 85 Start position: 767 IDENTIFIER a82 null
Line Number: 85 Start position: 770 COMMA , null
Line Number: 86 Start position: 776 IDENTIFIER a83 null
Line Number: 86 Start position: 779 COMMA , null
Line Number: 87 Start position: 785 IDENTIFIER a84 null
Line Number: 87 Start position: 788 COMMA , null
Line Number: 88 Start position: 794 IDENTIFIER a85 null
Line Number: 88 Start position: 797 COMMA , null
Line Number: 89 Start position: 803 IDENTIFIER a86 null
Line Number: 89 Start position: 806 COMMA , null
Line Number: 90 Start position: 812 IDENTIFIER a87 null
Line Number: 90 Start position: 815 COMMA , null
Line Number: 91 Start position: 821 IDENTIFIER a88 null
Line Number: 91 Start position: 824 COMMA , null
Line Number: 92 Start position: 830 IDENTIFIER a89 null
Line Number: 92 Start position: 833 COMMA , null
Line Number: 93 Start position: 839 IDENTIFIER a90 null
Line Number: 93 Start position: 842 COMMA , null
Line Number: 94 Start position: 848 IDENTIFIER a91 null
Line Number: 94 Start position: 851 COMMA , null
Line Number: 95 Start position: 857 IDENTIFIER a92 null
Line Number: 95 Start position: 860 COMMA , null
Line Number: 96 Start position: 866 IDENTIFIER a93 null
Line Number: 96 Start position: 869 COMMA , null
Line Number: 97 Start position: 875 IDENTIFIER a94 null
Line Number: 97 Start position: 878 COMMA , null
Line Number: 98 Start position: 884 IDENTIFIER a95 null
Line Number: 98 Start position: 887 COMMA , null
Line Number: 99 Start position: 893 IDENTIFIER a96 null
Line Number: 99 Start position: 896 COMMA , null
Line Number: 100 Start position: 902 IDENTIFIER a97 null
Line Number: 100 Start position: 905 COMMA , null
Line Number: 101 Start position: 911 IDENTIFIER a98 null
Line Number: 101 Start position: 914 COMMA , null
Line Number: 102 Start position: 920 IDENTIFIER a99 null
Line Number: 102 Start position: 923 COMMA , null
Line Number: 103 Start position: 929 IDENTIFIER a100 null
Line Number: 103 Start position: 933 COMMA , null
Line Number: 104 Start position: 939 IDENTIFIER a101 null
Line Number: 104 Start position: 943 COMMA , null
Line Number: 105 Start position: 949 IDENTIFIER a102 null
Line Number: 105 Start position: 953 COMMA , null
Line Number: 106 Start position: 959 IDENTIFIER a103 null
Line Number: 106 Start position: 963 COMMA , null
Line Number: 107 Start position: 969 IDENTIFIER a104 null
Line Number: 107 Start position: 973 COMMA , null
Line Number: 108 Start position: 979 IDENTIFIER a105 null
Line Number: 108 Start position: 983 COMMA , null
Line Number: 109 Start position: 989 IDENTIFIER a106 null
Line Number: 109 Start position: 993 COMMA , null
Line Number: 110 Start position: 999 IDENTIFIER a107 null
Line Number: 110 Start position: 1003 COMMA , null
Line Number: 111 Start position: 1009 IDENTIFIER a108 null
Line Number: 111 Start position: 1013 COMMA , null
Line Number: 112 Start position: 1019 IDENTIFIER a109 null
Line Number: 112 Start position: 1023 COMMA , null
Line Number: 113 Start position: 1029 IDENTIFIER a110 null
Line Number: 113 Start position: 1033 COMMA , null
Line Number: 114 Start position: 1039 IDENTIFIER a111 null
Line Number: 114 Start position: 1043 COMMA , null
Line Number: 115 Start position: 1049 IDENTIFIER a112 null
Line Number: 115 Start position: 1053 COMMA , null
Line Number: 116 Start position: 1059 IDENTIFIER a113 null
Line Number: 116 Start position: 1063 COMMA , null
Line Number: 117 Start position: 1069 IDENTIFIER a114 null
Line Number: 117 Start position: 1073 COMMA , null
Line Number: 118 Start position: 1079 IDENTIFIER a115 null
Line Number: 118 Start position: 1083 COMMA , null
Line Number: 119 Start position: 1089 IDENTIFIER a116 null
Line Number: 119 Start position: 1093 COMMA , null
Line Number: 120 Start position: 1099 IDENTIFIER a117 null
Line Number: 120 Start position: 1103 COMMA , null
Line Number: 121 Start position: 1109 IDENTIFIER a118 null
Line Number: 121 Start position: 1113 COMMA , null
Line Number: 122 Start position: 1119 IDENTIFIER a119 null
Line Number: 122 Start position: 1123 COMMA , null
Line Number: 123 Start position: 1129 IDENTIFIER a120 null
Line Number: 123 Start position: 1133 COMMA , null
Line Number: 124 Start position: 1139 IDENTIFIER a121 null
Line Number: 124 Start position: 1143 COMMA , null
Line Number: 125 Start position: 1149 IDENTIFIER a122 null
Line Number: 125 Start position: 1153 COMMA , null
Line Number: 126 Start position: 1159 IDENTIFIER a123 null
Line Number: 126 Start position: 1163 COMMA , null
Line Number: 127 Start position: 1169 IDENTIFIER a124 null
Line Number: 127 Start position: 1173 COMMA , null
Line Number: 128 Start position: 1179 IDENTIFIER a125 null
Line Number: 128 Start position: 1183 COMMA , null
Line Number: 129 Start position: 1189 IDENTIFIER a126 null
Line Number: 129 Start position: 1193 COMMA , null
Line Number: 130 Start position: 1199 IDENTIFIER a127 null
Line Number: 130 Start position: 1203 COMMA , null
Line Number: 131 Start position: 1209 IDENTIFIER a128 null
Line Number: 131 Start position: 1213 COMMA , null
Line Number: 132 Start position: 1219 IDENTIFIER a129 null
Line Number: 132 Start position: 1223 COMMA , null
Line Number: 133 Start position: 1229 IDENTIFIER a130 null
Line Number: 133 Start position: 1233 COMMA , null
Line Number: 134 Start position: 1239 IDENTIFIER a131 null
Line Number: 134 Start position: 1243 COMMA , null
Line Number: 135 Start position: 1249 IDENTIFIER a132 null
Line Number: 135 Start position: 1253 COMMA , null
Line Number: 136 Start position: 1259 IDENTIFIER a133 null
Line Number: 136 Start position: 1263 COMMA , null
Line Number: 137 Start position: 1269 IDENTIFIER a134 null
Line Number: 137 Start position: 1273 COMMA , null
Line Number: 138 Start position: 1279 IDENTIFIER a135 null
Line Number: 138 Start position: 1283 COMMA , null
Line Number: 139 Start position: 1289 IDENTIFIER a136 null
Line Number: 139 Start position: 1293 COMMA , null
Line Number: 140 Start position: 1299 IDENTIFIER a137 null
Line Number: 140 Start position: 1303 COMMA , null
Line Number: 141 Start position: 1309 IDENTIFIER a138 null
Line Number: 141 Start position: 1313 COMMA , null
Line Number: 142 Start position: 1319 IDENTIFIER a139 null
Line Number: 142 Start position: 1323 COMMA , null
Line Number: 143 Start position: 1329 IDENTIFIER a140 null
Line Number: 143 Start position: 1333 COMMA , null
Line Number: 144 Start position: 1339 IDENTIFIER a141 null
Line Number: 144 Start position: 1343 COMMA , null
Line Number: 145 Start position: 1349 IDENTIFIER a142 null
Line Number: 145 Start position: 1353 COMMA , null
Line Number: 146 Start position: 1359 IDENTIFIER a143 null
Line Number: 146 Start position: 1363 COMMA , null
Line Number: 147 Start position: 1369 IDENTIFIER a144 null
Line Number: 147 Start position: 1373 COMMA , null
Line Number: 148 Start position: 1379 IDENTIFIER a145 null
Line Number: 148 Start position: 1383 COMMA , null
Line Number: 149 Start position: 1389 IDENTIFIER a146 null
Line Number: 149 Start position: 1393 COMMA , null
Line Number: 150 Start position: 1399 IDENTIFIER a147 null
Line Number: 150 Start position: 1403 COMMA , null
Line Number: 151 Start position: 1409 IDENTIFIER a148 null
Line Number: 151 Start position: 1413 COMMA , null
Line Number: 152 Start position: 1419 IDENTIFIER a149 null
Line Number: 152 Start position: 1423 COMMA , null
Line Number: 153 Start position: 1429 IDENTIFIER a150 null
Line Number: 153 Start position: 1433 COMMA , null
Line Number: 154 Start position: 1439 IDENTIFIER a151 null
Line Number: 154 Start position: 1443 COMMA , null
Line Number: 155 Start position: 1449 IDENTIFIER a152 null
Line Number: 155 Start position: 1453 COMMA , null
Line Number: 156 Start position: 1459 IDENTIFIER a153 null
Line Number: 156 Start position: 1463 COMMA , null
Line Number: 157 Start position: 1469 IDENTIFIER a154 null
Line Number: 157 Start position: 1473 COMMA , null
Line Number: 158 Start position: 1479 IDENTIFIER a155 null
Line Number: 158 Start position: 1483 COMMA , null
Line Number: 159 Start position: 1489 IDENTIFIER a156 null
Line Number: 159 Start position: 1493 COMMA , null
Line Number: 160 Start position: 1499 IDENTIFIER a157 null
Line Number: 160 Start position: 1503 COMMA , null
Line Number: 161 Start position: 1509 IDENTIFIER a158 null
Line Number: 161 Start position: 1513 COMMA , null
Line Number: 162 Start position: 1519 IDENTIFIER a159 null
Line Number: 162 Start position: 1523 COMMA , null
Line Number: 163 Start position: 1529 IDENTIFIER a160 null
Line Number: 163 Start position: 1533 COMMA , null
Line Number: 164 Start position: 1539 IDENTIFIER a161 null
Line Number: 164 Start position: 1543 COMMA , null
Line Number: 165 Start position: 1549 IDENTIFIER a162 null
Line Number: 165 Start position: 1553 COMMA , null
Line Number: 166 Start position: 1559 IDENTIFIER a163 null
Line Number: 166 Start position: 1563 COMMA , null
Line Number: 167 Start position: 1569 IDENTIFIER a164 null
Line Number: 167 Start position: 1573 COMMA , null
Line Number: 168 Start position: 1579 IDENTIFIER a165 null
Line Number: 168 Start position: 1583 COMMA , null
Line Number: 169 Start position: 1589 IDENTIFIER a166 null
Line Number: 169 Start position: 1593 COMMA , null
Line Number: 170 Start position: 1599 IDENTIFIER a167 null
Line Number: 170 Start position: 1603 COMMA , null
Line Number: 171 Start position: 1609 IDENTIFIER a168 null
Line Number: 171 Start position: 1613 COMMA , null
Line Number: 172 Start position: 1619 IDENTIFIER a169 null
Line Number: 172 Start position: 1623 COMMA , null
Line Number: 173 Start position: 1629 IDENTIFIER a170 null
Line Number: 173 Start position: 1633 COMMA , null
Line Number: 174 Start position: 1639 IDENTIFIER a171 null
Line Number: 174 Start position: 1643 COMMA , null
Line Number: 175 Start position: 1649 IDENTIFIER a172 null
Line Number: 175 Start position: 1653 COMMA , null
Line Number: 176 Start position: 1659 IDENTIFIER a173 null
Line Number: 176 Start position: 1663 COMMA , null
Line Number: 177 Start position: 1669 IDENTIFIER a174 null
Line Number: 177 Start position: 1673 COMMA , null
Line Number: 178 Start position: 1679 IDENTIFIER a175 null
Line Number: 178 Start position: 1683 COMMA , null
Line Number: 179 Start position: 1689 IDENTIFIER a176 null
Line Number: 179 Start position: 1693 COMMA , null
Line Number: 180 Start position: 1699 IDENTIFIER a177 null
Line Number: 180 Start position: 1703 COMMA , null
Line Number: 181 Start position: 1709 IDENTIFIER a178 null
Line Number: 181 Start position: 1713 COMMA , null
Line Number: 182 Start position: 1719 IDENTIFIER a179 null
Line Number: 182 Start position: 1723 COMMA , null
Line Number: 183 Start position: 1729 IDENTIFIER a180 null
Line Number: 183 Start position: 1733 COMMA , null
Line Number: 184 Start position: 1739 IDENTIFIER a181 null
Line Number: 184 Start position: 1743 COMMA , null
Line Number: 185 Start position: 1749 IDENTIFIER a182 null
Line Number: 185 Start position: 1753 COMMA , null
Line Number: 186 Start position: 1759 IDENTIFIER a183 null
Line Number: 186 Start position: 1763 COMMA , null
Line Number: 187 Start position: 1769 IDENTIFIER a184 null
Line Number: 187 Start position: 1773 COMMA , null
Line Number: 188 Start position: 1779 IDENTIFIER a185 null
Line Number: 188 Start position: 1783 COMMA , null
Line Number: 189 Start position: 1789 IDENTIFIER a186 null
Line Number: 189 Start position: 1793 COMMA , null
Line Number: 190 Start position: 1799 IDENTIFIER a187 null
Line Number: 190 Start position: 1803 COMMA , null
Line Number: 191 Start position: 1809 IDENTIFIER a188 null
Line Number: 191 Start position: 1813 COMMA , null
Line Number: 192 Start position: 1819 IDENTIFIER a189 null
Line Number: 192 Start position: 1823 COMMA , null
Line Number: 193 Start position: 1829 IDENTIFIER a190 null
Line Number: 193 Start position: 1833 COMMA , null
Line Number: 194 Start position: 1839 IDENTIFIER a191 null
Line Number: 194 Start position: 1843 COMMA , null
Line Number: 195 Start position: 1849 IDENTIFIER a192 null
Line Number: 195 Start position: 1853 COMMA , null
Line Number: 196 Start position: 1859 IDENTIFIER a193 null
Line Number: 196 Start position: 1863 COMMA , null
Line Number: 197 Start position: 1869 IDENTIFIER a194 null
Line Number: 197 Start position: 1873 COMMA , null
Line Number: 198 Start position: 1879 IDENTIFIER a195 null
Line Number: 198 Start position: 1883 COMMA , null
Line Number: 199 Start position: 1889 IDENTIFIER a196 null
Line Number: 199 Start position: 1893 COMMA , null
Line Number: 200 Start position: 1899 IDENTIFIER a197 null
Line Number: 200 Start position: 1903 COMMA , null
Line Number: 201 Start position: 1909 IDENTIFIER a198 null
Line Number: 201 Start position: 1913 COMMA , null
Line Number: 202 Start position: 1919 IDENTIFIER a199 null
Line Number: 202 Start position: 1923 COMMA , null
Line Number: 203 Start position: 1929 IDENTIFIER a200 null
Line Number: 203 Start position: 1933 COMMA , null
Line Number: 204 Start position: 1939 IDENTIFIER a201 null
Line Number: 204 Start position: 1943 COMMA , null
Line Number: 205 Start position: 1949 IDENTIFIER a202 null
Line Number: 205 Start position: 1953 COMMA , null
Line Number: 206 Start position: 1959 IDENTIFIER a203 null
Line Number: 206 Start position: 1963 COMMA , null
Line Number: 207 Start position: 1969 IDENTIFIER a204 null
Line Number: 207 Start position: 1973 COMMA , null
Line Number: 208 Start position: 1979 IDENTIFIER a205 null
Line Number: 208 Start position: 1983 COMMA , null
Line Number: 209 Start position: 1989 IDENTIFIER a206 null
Line Number: 209 Start position: 1993 COMMA , null
Line Number: 210 Start position: 1999 IDENTIFIER a207 null
Line Number: 210 Start position: 2003 COMMA , null
Line Number: 211 Start position: 2009 IDENTIFIER a208 null
Line Number: 211 Start position: 2013 COMMA , null
Line Number: 212 Start position: 2019 IDENTIFIER a209 null
Line Number: 212 Start position: 2023 COMMA , null
Line Number: 213 Start position: 2029 IDENTIFIER a210 null
Line Number: 213 Start position: 2033 COMMA , null
Line Number: 214 Start position: 2039 IDENTIFIER a211 null
Line Number: 214 Start position: 2043 COMMA , null
Line Number: 215 Start position: 2049 IDENTIFIER a212 null
Line Number: 215 Start position: 2053 COMMA , null
Line Number: 216 Start position: 2059 IDENTIFIER a213 null
Line Number: 216 Start position: 2063 COMMA , null
Line Number: 217 Start position: 2069 IDENTIFIER a214 null
Line Number: 217 Start position: 2073 COMMA , null
Line Number: 218 Start position: 2079 IDENTIFIER a215 null
Line Number: 218 Start position: 2083 COMMA , null
Line Number: 219 Start position: 2089 IDENTIFIER a216 null
Line Number: 219 Start position: 2093 COMMA , null
Line Number: 220 Start position: 2099 IDENTIFIER a217 null
Line Number: 220 Start position: 2103 COMMA , null
Line Number: 221 Start position: 2109 IDENTIFIER a218 null
Line Number: 221 Start position: 2113 COMMA , null
Line Number: 222 Start position: 2119 IDENTIFIER a219 null
Line Number: 222 Start position: 2123 COMMA , null
Line Number: 223 Start position: 2129 IDENTIFIER a220 null
Line Number: 223 Start position: 2133 COMMA , null
Line Number: 224 Start position: 2139 IDENTIFIER a221 null
Line Number: 224 Start position: 2143 COMMA , null
Line Number: 225 Start position: 2149 IDENTIFIER a222 null
Line Number: 225 Start position: 2153 COMMA , null
Line Number: 226 Start position: 2159 IDENTIFIER a223 null
Line Number: 226 Start position: 2163 COMMA , null
Line Number: 227 Start position: 2169 IDENTIFIER a224 null
Line Number: 227 Start position: 2173 COMMA , null
Line Number: 228 Start position: 2179 IDENTIFIER a225 null
Line Number: 228 Start position: 2183 COMMA , null
Line Number: 229 Start position: 2189 IDENTIFIER a226 null
Line Number: 229 Start position: 2193 COMMA , null
Line Number: 230 Start position: 2199 IDENTIFIER a227 null
Line Number: 230 Start position: 2203 COMMA , null
Line Number: 231 Start position: 2209 IDENTIFIER a228 null
Line Number: 231 Start position: 2213 COMMA , null
Line Number: 232 Start position: 2219 IDENTIFIER a229 null
Line Number: 232 Start position: 2223 COMMA , null
Line Number: 233 Start position: 2229 IDENTIFIER a230 null
Line Number: 233 Start position: 2233 COMMA , null
Line Number: 234 Start position: 2239 IDENTIFIER a231 null
Line Number: 234 Start position: 2243 COMMA , null
Line Number: 235 Start position: 2249 IDENTIFIER a232 null
Line Number: 235 Start position: 2253 COMMA , null
Line Number: 236 Start position: 2259 IDENTIFIER a233 null
Line Number: 236 Start position: 2263 COMMA , null
Line Number: 237 Start position: 2269 IDENTIFIER a234 null
Line Number: 237 Start position: 2273 COMMA , null
Line Number: 238 Start position: 2279 IDENTIFIER a235 null
Line Number: 238 Start position: 2283 COMMA , null
Line Number: 239 Start position: 2289 IDENTIFIER a236 null
Line Number: 239 Start position: 2293 COMMA , null
Line Number: 240 Start position: 2299 IDENTIFIER a237 null
Line Number: 240 Start position: 2303 COMMA , null
Line Number: 241 Start position: 2309 IDENTIFIER a238 null
Line Number: 241 Start position: 2313 COMMA , null
Line Number: 242 Start position: 2319 IDENTIFIER a239 null
Line Number: 242 Start position: 2323 COMMA , null
Line Number: 243 Start position: 2329 IDENTIFIER a240 null
Line Number: 243 Start position: 2333 COMMA , null
Line Number: 244 Start position: 2339 IDENTIFIER a241 null
Line Number: 244 Start position: 2343 COMMA , null
Line Number: 245 Start position: 2349 IDENTIFIER a242 null
Line Number: 245 Start position: 2353 COMMA , null
Line Number: 246 Start position: 2359 IDENTIFIER a243 null
Line Number: 246 Start position: 2363 COMMA , null
Line Number: 247 Start position: 2369 IDENTIFIER a244 null
Line Number: 247 Start position: 2373 COMMA , null
Line Number: 248 Start position: 2379 IDENTIFIER a245 null
Line Number: 248 Start position: 2383 COMMA , null
Line Number: 249 Start position: 2389 IDENTIFIER a246 null
Line Number: 249 Start position: 2393 COMMA , null
Line Number: 250 Start position: 2399 IDENTIFIER a247 null
Line Number: 250 Start position: 2403 COMMA , null
Line Number: 251 Start position: 2409 IDENTIFIER a248 null
Line Number: 251 Start position: 2413 COMMA , null
Line Number: 252 Start position: 2419 IDENTIFIER a249 null
Line Number: 252 Start position: 2423 COMMA , null
Line Number: 253 Start position: 2429 IDENTIFIER a250 null
Line Number: 253 Start position: 2433 COMMA , null
Line Number: 254 Start position: 2439 IDENTIFIER a251 null
Line Number: 254 Start position: 2443 COMMA , null
Line Number: 255 Start position: 2449 IDENTIFIER a252 null
Line Number: 255 Start position: 2453 COMMA , null
Line Number: 256 Start position: 2459 IDENTIFIER a253 null
Line Number: 256 Start position: 2463 COMMA , null
Line Number: 257 Start position: 2469 IDENTIFIER a254 null
Line Number: 257 Start position: 2473 COMMA , null
Line Number: 258 Start position: 2479 IDENTIFIER a255 null
Line Number: 258 Start position: 2483 COMMA , null
Line Number: 258 Start position: 2485 IDENTIFIER a null
Line Number: 258 Start position: 2486 RIGHT_PAREN ) null
Line Number: 258 Start position: 2488 LEFT_BRACE { null
Line Number: 258 Start position: 2489 RIGHT_BRACE } null
Line Number: 259 Start position: 2545 RIGHT_BRACE } null
Line Number: 260 Start position: 2546 EOF  null
