Line Number: 1 Start position: 0 CLASS class null
Line Number: 1 Start position: 6 IDENTIFIER Foo null
Line Number: 1 Start position: 10 LEFT_BRACE { null
Line Number: 2 Start position: 14 IDENTIFIER methodOnFoo null
Line Number: 2 Start position: 25 LEFT_PAREN ( null
Line Number: 2 Start position: 26 RIGHT_PAREN ) null
Line Number: 2 Start position: 28 LEFT_BRACE { null
Line Number: 2 Start position: 30 PRINT print null
Line Number: 2 Start position: 36 STRING "foo" foo
Line Number: 2 Start position: 41 SEMICOLON ; null
Line Number: 2 Start position: 43 RIGHT_BRACE } null
Line Number: 3 Start position: 47 IDENTIFIER override null
Line Number: 3 Start position: 55 LEFT_PAREN ( null
Line Number: 3 Start position: 56 RIGHT_PAREN ) null
Line Number: 3 Start position: 58 LEFT_BRACE { null
Line Number: 3 Start position: 60 PRINT print null
Line Number: 3 Start position: 66 STRING "foo" foo
Line Number: 3 Start position: 71 SEMICOLON ; null
Line Number: 3 Start position: 73 RIGHT_BRACE } null
Line Number: 4 Start position: 75 RIGHT_BRACE } null
Line Number: 6 Start position: 78 CLASS class null
Line Number: 6 Start position: 84 IDENTIFIER Bar null
Line Number: 6 Start position: 88 LESS < null
Line Number: 6 Start position: 90 IDENTIFIER Foo null
Line Number: 6 Start position: 94 LEFT_BRACE { null
Line Number: 7 Start position: 98 IDENTIFIER methodOnBar null
Line Number: 7 Start position: 109 LEFT_PAREN ( null
Line Number: 7 Start position: 110 RIGHT_PAREN ) null
Line Number: 7 Start position: 112 LEFT_BRACE { null
Line Number: 7 Start position: 114 PRINT print null
Line Number: 7 Start position: 120 STRING "bar" bar
Line Number: 7 Start position: 125 SEMICOLON ; null
Line Number: 7 Start position: 127 RIGHT_BRACE } null
Line Number: 8 Start position: 131 IDENTIFIER override null
Line Number: 8 Start position: 139 LEFT_PAREN ( null
Line Number: 8 Start position: 140 RIGHT_PAREN ) null
Line Number: 8 Start position: 142 LEFT_BRACE { null
Line Number: 8 Start position: 144 PRINT print null
Line Number: 8 Start position: 150 STRING "bar" bar
Line Number: 8 Start position: 155 SEMICOLON ; null
Line Number: 8 Start position: 157 RIGHT_BRACE } null
Line Number: 9 Start position: 159 RIGHT_BRACE } null
Line Number: 11 Start position: 162 VAR var null
Line Number: 11 Start position: 166 IDENTIFIER bar null
Line Number: 11 Start position: 170 EQUAL = null
Line Number: 11 Start position: 172 IDENTIFIER Bar null
Line Number: 11 Start position: 175 LEFT_PAREN ( null
Line Number: 11 Start position: 176 RIGHT_PAREN ) null
Line Number: 11 Start position: 177 SEMICOLON ; null
Line Number: 12 Start position: 179 IDENTIFIER bar null
Line Number: 12 Start position: 182 DOT . null
Line Number: 12 Start position: 183 IDENTIFIER methodOnFoo null
Line Number: 12 Start position: 194 LEFT_PAREN ( null
Line Number: 12 Start position: 195 RIGHT_PAREN ) null
Line Number: 12 Start position: 196 SEMICOLON ; null
Line Number: 13 Start position: 213 IDENTIFIER bar null
Line Number: 13 Start position: 216 DOT . null
Line Number: 13 Start position: 217 IDENTIFIER methodOnBar null
Line Number: 13 Start position: 228 LEFT_PAREN ( null
Line Number: 13 Start position: 229 RIGHT_PAREN ) null
Line Number: 13 Start position: 230 SEMICOLON ; null
Line Number: 14 Start position: 247 IDENTIFIER bar null
Line Number: 14 Start position: 250 DOT . null
Line Number: 14 Start position: 251 IDENTIFIER override null
Line Number: 14 Start position: 259 LEFT_PAREN ( null
Line Number: 14 Start position: 260 RIGHT_PAREN ) null
Line Number: 14 Start position: 261 SEMICOLON ; null
Line Number: 15 Start position: 277 EOF  null
