Line Number: 1 Start position: 0 VAR var null
Line Number: 1 Start position: 4 IDENTIFIER f null
Line Number: 1 Start position: 5 SEMICOLON ; null
Line Number: 3 Start position: 8 CLASS class null
Line Number: 3 Start position: 14 IDENTIFIER Foo null
Line Number: 3 Start position: 18 LEFT_BRACE { null
Line Number: 4 Start position: 22 IDENTIFIER method null
Line Number: 4 Start position: 28 LEFT_PAREN ( null
Line Number: 4 Start position: 29 IDENTIFIER param null
Line Number: 4 Start position: 34 RIGHT_PAREN ) null
Line Number: 4 Start position: 36 LEFT_BRACE { null
Line Number: 5 Start position: 42 FUN fun null
Line Number: 5 Start position: 46 IDENTIFIER f_ null
Line Number: 5 Start position: 48 LEFT_PAREN ( null
Line Number: 5 Start position: 49 RIGHT_PAREN ) null
Line Number: 5 Start position: 51 LEFT_BRACE { null
Line Number: 6 Start position: 59 PRINT print null
Line Number: 6 Start position: 65 IDENTIFIER param null
Line Number: 6 Start position: 70 SEMICOLON ; null
Line Number: 7 Start position: 76 RIGHT_BRACE } null
Line Number: 8 Start position: 82 IDENTIFIER f null
Line Number: 8 Start position: 84 EQUAL = null
Line Number: 8 Start position: 86 IDENTIFIER f_ null
Line Number: 8 Start position: 88 SEMICOLON ; null
Line Number: 9 Start position: 92 RIGHT_BRACE } null
Line Number: 10 Start position: 94 RIGHT_BRACE } null
Line Number: 12 Start position: 97 IDENTIFIER Foo null
Line Number: 12 Start position: 100 LEFT_PAREN ( null
Line Number: 12 Start position: 101 RIGHT_PAREN ) null
Line Number: 12 Start position: 102 DOT . null
Line Number: 12 Start position: 103 IDENTIFIER method null
Line Number: 12 Start position: 109 LEFT_PAREN ( null
Line Number: 12 Start position: 110 STRING "param" param
Line Number: 12 Start position: 117 RIGHT_PAREN ) null
Line Number: 12 Start position: 118 SEMICOLON ; null
Line Number: 13 Start position: 120 IDENTIFIER f null
Line Number: 13 Start position: 121 LEFT_PAREN ( null
Line Number: 13 Start position: 122 RIGHT_PAREN ) null
Line Number: 13 Start position: 123 SEMICOLON ; null
Line Number: 14 Start position: 141 EOF  null
