Line Number: 1 Start position: 0 VAR var null
Line Number: 1 Start position: 4 IDENTIFIER f null
Line Number: 1 Start position: 5 SEMICOLON ; null
Line Number: 3 Start position: 8 LEFT_BRACE { null
Line Number: 4 Start position: 12 VAR var null
Line Number: 4 Start position: 16 IDENTIFIER a null
Line Number: 4 Start position: 18 EQUAL = null
Line Number: 4 Start position: 20 STRING "a" a
Line Number: 4 Start position: 23 SEMICOLON ; null
Line Number: 5 Start position: 27 FUN fun null
Line Number: 5 Start position: 31 IDENTIFIER f_ null
Line Number: 5 Start position: 33 LEFT_PAREN ( null
Line Number: 5 Start position: 34 RIGHT_PAREN ) null
Line Number: 5 Start position: 36 LEFT_BRACE { null
Line Number: 6 Start position: 42 PRINT print null
Line Number: 6 Start position: 48 IDENTIFIER a null
Line Number: 6 Start position: 49 SEMICOLON ; null
Line Number: 7 Start position: 55 PRINT print null
Line Number: 7 Start position: 61 IDENTIFIER a null
Line Number: 7 Start position: 62 SEMICOLON ; null
Line Number: 8 Start position: 66 RIGHT_BRACE } null
Line Number: 9 Start position: 70 IDENTIFIER f null
Line Number: 9 Start position: 72 EQUAL = null
Line Number: 9 Start position: 74 IDENTIFIER f_ null
Line Number: 9 Start position: 76 SEMICOLON ; null
Line Number: 10 Start position: 78 RIGHT_BRACE } null
Line Number: 12 Start position: 81 IDENTIFIER f null
Line Number: 12 Start position: 82 LEFT_PAREN ( null
Line Number: 12 Start position: 83 RIGHT_PAREN ) null
Line Number: 12 Start position: 84 SEMICOLON ; null
Line Number: 15 Start position: 111 EOF  null
