Line Number: 4 Start position: 101 PRINT print null
Line Number: 4 Start position: 107 FALSE false null
Line Number: 4 Start position: 113 AND and null
Line Number: 4 Start position: 117 NUMBER 1 1.0
Line Number: 4 Start position: 118 SEMICOLON ; null
Line Number: 5 Start position: 137 PRINT print null
Line Number: 5 Start position: 143 TRUE true null
Line Number: 5 Start position: 148 AND and null
Line Number: 5 Start position: 152 NUMBER 1 1.0
Line Number: 5 Start position: 153 SEMICOLON ; null
Line Number: 6 Start position: 168 PRINT print null
Line Number: 6 Start position: 174 NUMBER 1 1.0
Line Number: 6 Start position: 176 AND and null
Line Number: 6 Start position: 180 NUMBER 2 2.0
Line Number: 6 Start position: 182 AND and null
Line Number: 6 Start position: 186 FALSE false null
Line Number: 6 Start position: 191 SEMICOLON ; null
Line Number: 9 Start position: 256 PRINT print null
Line Number: 9 Start position: 262 NUMBER 1 1.0
Line Number: 9 Start position: 264 AND and null
Line Number: 9 Start position: 268 TRUE true null
Line Number: 9 Start position: 272 SEMICOLON ; null
Line Number: 10 Start position: 290 PRINT print null
Line Number: 10 Start position: 296 NUMBER 1 1.0
Line Number: 10 Start position: 298 AND and null
Line Number: 10 Start position: 302 NUMBER 2 2.0
Line Number: 10 Start position: 304 AND and null
Line Number: 10 Start position: 308 NUMBER 3 3.0
Line Number: 10 Start position: 309 SEMICOLON ; null
Line Number: 13 Start position: 371 VAR var null
Line Number: 13 Start position: 375 IDENTIFIER a null
Line Number: 13 Start position: 377 EQUAL = null
Line Number: 13 Start position: 379 STRING "before" before
Line Number: 13 Start position: 387 SEMICOLON ; null
Line Number: 14 Start position: 389 VAR var null
Line Number: 14 Start position: 393 IDENTIFIER b null
Line Number: 14 Start position: 395 EQUAL = null
Line Number: 14 Start position: 397 STRING "before" before
Line Number: 14 Start position: 405 SEMICOLON ; null
Line Number: 15 Start position: 407 LEFT_PAREN ( null
Line Number: 15 Start position: 408 IDENTIFIER a null
Line Number: 15 Start position: 410 EQUAL = null
Line Number: 15 Start position: 412 TRUE true null
Line Number: 15 Start position: 416 RIGHT_PAREN ) null
Line Number: 15 Start position: 418 AND and null
Line Number: 16 Start position: 426 LEFT_PAREN ( null
Line Number: 16 Start position: 427 IDENTIFIER b null
Line Number: 16 Start position: 429 EQUAL = null
Line Number: 16 Start position: 431 FALSE false null
Line Number: 16 Start position: 436 RIGHT_PAREN ) null
Line Number: 16 Start position: 438 AND and null
Line Number: 17 Start position: 446 LEFT_PAREN ( null
Line Number: 17 Start position: 447 IDENTIFIER a null
Line Number: 17 Start position: 449 EQUAL = null
Line Number: 17 Start position: 451 STRING "bad" bad
Line Number: 17 Start position: 456 RIGHT_PAREN ) null
Line Number: 17 Start position: 457 SEMICOLON ; null
Line Number: 18 Start position: 459 PRINT print null
Line Number: 18 Start position: 465 IDENTIFIER a null
Line Number: 18 Start position: 466 SEMICOLON ; null
Line Number: 19 Start position: 484 PRINT print null
Line Number: 19 Start position: 490 IDENTIFIER b null
Line Number: 19 Start position: 491 SEMICOLON ; null
Line Number: 20 Start position: 509 EOF  null
