Line Number: 2 Start position: 60 IF if null
Line Number: 2 Start position: 63 LEFT_PAREN ( null
Line Number: 2 Start position: 64 TRUE true null
Line Number: 2 Start position: 68 RIGHT_PAREN ) null
Line Number: 2 Start position: 70 PRINT print null
Line Number: 2 Start position: 76 STRING "good" good
Line Number: 2 Start position: 82 SEMICOLON ; null
Line Number: 3 Start position: 100 IF if null
Line Number: 3 Start position: 103 LEFT_PAREN ( null
Line Number: 3 Start position: 104 FALSE false null
Line Number: 3 Start position: 109 RIGHT_PAREN ) null
Line Number: 3 Start position: 111 PRINT print null
Line Number: 3 Start position: 117 STRING "bad" bad
Line Number: 3 Start position: 122 SEMICOLON ; null
Line Number: 6 Start position: 146 IF if null
Line Number: 6 Start position: 149 LEFT_PAREN ( null
Line Number: 6 Start position: 150 TRUE true null
Line Number: 6 Start position: 154 RIGHT_PAREN ) null
Line Number: 6 Start position: 156 LEFT_BRACE { null
Line Number: 6 Start position: 158 PRINT print null
Line Number: 6 Start position: 164 STRING "block" block
Line Number: 6 Start position: 171 SEMICOLON ; null
Line Number: 6 Start position: 173 RIGHT_BRACE } null
Line Number: 9 Start position: 224 VAR var null
Line Number: 9 Start position: 228 IDENTIFIER a null
Line Number: 9 Start position: 230 EQUAL = null
Line Number: 9 Start position: 232 FALSE false null
Line Number: 9 Start position: 237 SEMICOLON ; null
Line Number: 10 Start position: 239 IF if null
Line Number: 10 Start position: 242 LEFT_PAREN ( null
Line Number: 10 Start position: 243 IDENTIFIER a null
Line Number: 10 Start position: 245 EQUAL = null
Line Number: 10 Start position: 247 TRUE true null
Line Number: 10 Start position: 251 RIGHT_PAREN ) null
Line Number: 10 Start position: 253 PRINT print null
Line Number: 10 Start position: 259 IDENTIFIER a null
Line Number: 10 Start position: 260 SEMICOLON ; null
Line Number: 11 Start position: 277 EOF  null
