Line Number: 1 Start position: 0 VAR var null
Line Number: 1 Start position: 4 IDENTIFIER f1 null
Line Number: 1 Start position: 6 SEMICOLON ; null
Line Number: 2 Start position: 8 VAR var null
Line Number: 2 Start position: 12 IDENTIFIER f2 null
Line Number: 2 Start position: 14 SEMICOLON ; null
Line Number: 3 Start position: 16 VAR var null
Line Number: 3 Start position: 20 IDENTIFIER f3 null
Line Number: 3 Start position: 22 SEMICOLON ; null
Line Number: 5 Start position: 25 FOR for null
Line Number: 5 Start position: 29 LEFT_PAREN ( null
Line Number: 5 Start position: 30 VAR var null
Line Number: 5 Start position: 34 IDENTIFIER i null
Line Number: 5 Start position: 36 EQUAL = null
Line Number: 5 Start position: 38 NUMBER 1 1.0
Line Number: 5 Start position: 39 SEMICOLON ; null
Line Number: 5 Start position: 41 IDENTIFIER i null
Line Number: 5 Start position: 43 LESS < null
Line Number: 5 Start position: 45 NUMBER 4 4.0
Line Number: 5 Start position: 46 SEMICOLON ; null
Line Number: 5 Start position: 48 IDENTIFIER i null
Line Number: 5 Start position: 50 EQUAL = null
Line Number: 5 Start position: 52 IDENTIFIER i null
Line Number: 5 Start position: 54 PLUS + null
Line Number: 5 Start position: 56 NUMBER 1 1.0
Line Number: 5 Start position: 57 RIGHT_PAREN ) null
Line Number: 5 Start position: 59 LEFT_BRACE { null
Line Number: 6 Start position: 63 VAR var null
Line Number: 6 Start position: 67 IDENTIFIER j null
Line Number: 6 Start position: 69 EQUAL = null
Line Number: 6 Start position: 71 IDENTIFIER i null
Line Number: 6 Start position: 72 SEMICOLON ; null
Line Number: 7 Start position: 76 FUN fun null
Line Number: 7 Start position: 80 IDENTIFIER f null
Line Number: 7 Start position: 81 LEFT_PAREN ( null
Line Number: 7 Start position: 82 RIGHT_PAREN ) null
Line Number: 7 Start position: 84 LEFT_BRACE { null
Line Number: 8 Start position: 90 PRINT print null
Line Number: 8 Start position: 96 IDENTIFIER i null
Line Number: 8 Start position: 97 SEMICOLON ; null
Line Number: 9 Start position: 103 PRINT print null
Line Number: 9 Start position: 109 IDENTIFIER j null
Line Number: 9 Start position: 110 SEMICOLON ; null
Line Number: 10 Start position: 114 RIGHT_BRACE } null
Line Number: 12 Start position: 119 IF if null
Line Number: 12 Start position: 122 LEFT_PAREN ( null
Line Number: 12 Start position: 123 IDENTIFIER j null
Line Number: 12 Start position: 125 EQUAL_EQUAL == null
Line Number: 12 Start position: 128 NUMBER 1 1.0
Line Number: 12 Start position: 129 RIGHT_PAREN ) null
Line Number: 12 Start position: 131 IDENTIFIER f1 null
Line Number: 12 Start position: 134 EQUAL = null
Line Number: 12 Start position: 136 IDENTIFIER f null
Line Number: 12 Start position: 137 SEMICOLON ; null
Line Number: 13 Start position: 141 ELSE else null
Line Number: 13 Start position: 146 IF if null
Line Number: 13 Start position: 149 LEFT_PAREN ( null
Line Number: 13 Start position: 150 IDENTIFIER j null
Line Number: 13 Start position: 152 EQUAL_EQUAL == null
Line Number: 13 Start position: 155 NUMBER 2 2.0
Line Number: 13 Start position: 156 RIGHT_PAREN ) null
Line Number: 13 Start position: 158 IDENTIFIER f2 null
Line Number: 13 Start position: 161 EQUAL = null
Line Number: 13 Start position: 163 IDENTIFIER f null
Line Number: 13 Start position: 164 SEMICOLON ; null
Line Number: 14 Start position: 168 ELSE else null
Line Number: 14 Start position: 173 IDENTIFIER f3 null
Line Number: 14 Start position: 176 EQUAL = null
Line Number: 14 Start position: 178 IDENTIFIER f null
Line Number: 14 Start position: 179 SEMICOLON ; null
Line Number: 15 Start position: 181 RIGHT_BRACE } null
Line Number: 17 Start position: 184 IDENTIFIER f1 null
Line Number: 17 Start position: 186 LEFT_PAREN ( null
Line Number: 17 Start position: 187 RIGHT_PAREN ) null
Line Number: 17 Start position: 188 SEMICOLON ; null
Line Number: 19 Start position: 222 IDENTIFIER f2 null
Line Number: 19 Start position: 224 LEFT_PAREN ( null
Line Number: 19 Start position: 225 RIGHT_PAREN ) null
Line Number: 19 Start position: 226 SEMICOLON ; null
Line Number: 21 Start position: 260 IDENTIFIER f3 null
Line Number: 21 Start position: 262 LEFT_PAREN ( null
Line Number: 21 Start position: 263 RIGHT_PAREN ) null
Line Number: 21 Start position: 264 SEMICOLON ; null
Line Number: 23 Start position: 297 EOF  null
