Line Number: 2 Start position: 41 CLASS class null
Line Number: 2 Start position: 47 IDENTIFIER Foo null
Line Number: 2 Start position: 51 LEFT_BRACE { null
Line Number: 2 Start position: 52 RIGHT_BRACE } null
Line Number: 3 Start position: 54 CLASS class null
Line Number: 3 Start position: 60 IDENTIFIER Bar null
Line Number: 3 Start position: 64 LEFT_BRACE { null
Line Number: 3 Start position: 65 RIGHT_BRACE } null
Line Number: 5 Start position: 68 PRINT print null
Line Number: 5 Start position: 74 IDENTIFIER Foo null
Line Number: 5 Start position: 78 EQUAL_EQUAL == null
Line Number: 5 Start position: 81 IDENTIFIER Foo null
Line Number: 5 Start position: 84 SEMICOLON ; null
Line Number: 6 Start position: 102 PRINT print null
Line Number: 6 Start position: 108 IDENTIFIER Foo null
Line Number: 6 Start position: 112 EQUAL_EQUAL == null
Line Number: 6 Start position: 115 IDENTIFIER Bar null
Line Number: 6 Start position: 118 SEMICOLON ; null
Line Number: 7 Start position: 137 PRINT print null
Line Number: 7 Start position: 143 IDENTIFIER Bar null
Line Number: 7 Start position: 147 EQUAL_EQUAL == null
Line Number: 7 Start position: 150 IDENTIFIER Foo null
Line Number: 7 Start position: 153 SEMICOLON ; null
Line Number: 8 Start position: 172 PRINT print null
Line Number: 8 Start position: 178 IDENTIFIER Bar null
Line Number: 8 Start position: 182 EQUAL_EQUAL == null
Line Number: 8 Start position: 185 IDENTIFIER Bar null
Line Number: 8 Start position: 188 SEMICOLON ; null
Line Number: 10 Start position: 207 PRINT print null
Line Number: 10 Start position: 213 IDENTIFIER Foo null
Line Number: 10 Start position: 217 EQUAL_EQUAL == null
Line Number: 10 Start position: 220 STRING "Foo" Foo
Line Number: 10 Start position: 225 SEMICOLON ; null
Line Number: 11 Start position: 244 PRINT print null
Line Number: 11 Start position: 250 IDENTIFIER Foo null
Line Number: 11 Start position: 254 EQUAL_EQUAL == null
Line Number: 11 Start position: 257 NIL nil null
Line Number: 11 Start position: 260 SEMICOLON ; null
Line Number: 12 Start position: 281 PRINT print null
Line Number: 12 Start position: 287 IDENTIFIER Foo null
Line Number: 12 Start position: 291 EQUAL_EQUAL == null
Line Number: 12 Start position: 294 NUMBER 123 123.0
Line Number: 12 Start position: 297 SEMICOLON ; null
Line Number: 13 Start position: 318 PRINT print null
Line Number: 13 Start position: 324 IDENTIFIER Foo null
Line Number: 13 Start position: 328 EQUAL_EQUAL == null
Line Number: 13 Start position: 331 TRUE true null
Line Number: 13 Start position: 335 SEMICOLON ; null
Line Number: 14 Start position: 354 EOF  null
