Line Number: 1 Start position: 0 PRINT print null
Line Number: 1 Start position: 6 NIL nil null
Line Number: 1 Start position: 10 EQUAL_EQUAL == null
Line Number: 1 Start position: 13 NIL nil null
Line Number: 1 Start position: 16 SEMICOLON ; null
Line Number: 3 Start position: 35 PRINT print null
Line Number: 3 Start position: 41 TRUE true null
Line Number: 3 Start position: 46 EQUAL_EQUAL == null
Line Number: 3 Start position: 49 TRUE true null
Line Number: 3 Start position: 53 SEMICOLON ; null
Line Number: 4 Start position: 71 PRINT print null
Line Number: 4 Start position: 77 TRUE true null
Line Number: 4 Start position: 82 EQUAL_EQUAL == null
Line Number: 4 Start position: 85 FALSE false null
Line Number: 4 Start position: 90 SEMICOLON ; null
Line Number: 6 Start position: 110 PRINT print null
Line Number: 6 Start position: 116 NUMBER 1 1.0
Line Number: 6 Start position: 118 EQUAL_EQUAL == null
Line Number: 6 Start position: 121 NUMBER 1 1.0
Line Number: 6 Start position: 122 SEMICOLON ; null
Line Number: 7 Start position: 140 PRINT print null
Line Number: 7 Start position: 146 NUMBER 1 1.0
Line Number: 7 Start position: 148 EQUAL_EQUAL == null
Line Number: 7 Start position: 151 NUMBER 2 2.0
Line Number: 7 Start position: 152 SEMICOLON ; null
Line Number: 9 Start position: 172 PRINT print null
Line Number: 9 Start position: 178 STRING "str" str
Line Number: 9 Start position: 184 EQUAL_EQUAL == null
Line Number: 9 Start position: 187 STRING "str" str
Line Number: 9 Start position: 192 SEMICOLON ; null
Line Number: 10 Start position: 210 PRINT print null
Line Number: 10 Start position: 216 STRING "str" str
Line Number: 10 Start position: 222 EQUAL_EQUAL == null
Line Number: 10 Start position: 225 STRING "ing" ing
Line Number: 10 Start position: 230 SEMICOLON ; null
Line Number: 12 Start position: 250 PRINT print null
Line Number: 12 Start position: 256 NIL nil null
Line Number: 12 Start position: 260 EQUAL_EQUAL == null
Line Number: 12 Start position: 263 FALSE false null
Line Number: 12 Start position: 268 SEMICOLON ; null
Line Number: 13 Start position: 287 PRINT print null
Line Number: 13 Start position: 293 FALSE false null
Line Number: 13 Start position: 299 EQUAL_EQUAL == null
Line Number: 13 Start position: 302 NUMBER 0 0.0
Line Number: 13 Start position: 303 SEMICOLON ; null
Line Number: 14 Start position: 322 PRINT print null
Line Number: 14 Start position: 328 NUMBER 0 0.0
Line Number: 14 Start position: 330 EQUAL_EQUAL == null
Line Number: 14 Start position: 333 STRING "0" 0
Line Number: 14 Start position: 336 SEMICOLON ; null
Line Number: 15 Start position: 354 EOF  null
