Line Number: 1 Start position: 0 PRINT print null
Line Number: 1 Start position: 6 BANG ! null
Line Number: 1 Start position: 7 TRUE true null
Line Number: 1 Start position: 11 SEMICOLON ; null
Line Number: 2 Start position: 34 PRINT print null
Line Number: 2 Start position: 40 BANG ! null
Line Number: 2 Start position: 41 FALSE false null
Line Number: 2 Start position: 46 SEMICOLON ; null
Line Number: 3 Start position: 67 PRINT print null
Line Number: 3 Start position: 73 BANG ! null
Line Number: 3 Start position: 74 BANG ! null
Line Number: 3 Start position: 75 TRUE true null
Line Number: 3 Start position: 79 SEMICOLON ; null
Line Number: 5 Start position: 101 PRINT print null
Line Number: 5 Start position: 107 BANG ! null
Line Number: 5 Start position: 108 NUMBER 123 123.0
Line Number: 5 Start position: 111 SEMICOLON ; null
Line Number: 6 Start position: 135 PRINT print null
Line Number: 6 Start position: 141 BANG ! null
Line Number: 6 Start position: 142 NUMBER 0 0.0
Line Number: 6 Start position: 143 SEMICOLON ; null
Line Number: 8 Start position: 170 PRINT print null
Line Number: 8 Start position: 176 BANG ! null
Line Number: 8 Start position: 177 NIL nil null
Line Number: 8 Start position: 180 SEMICOLON ; null
Line Number: 10 Start position: 203 PRINT print null
Line Number: 10 Start position: 209 BANG ! null
Line Number: 10 Start position: 210 STRING "" 
Line Number: 10 Start position: 212 SEMICOLON ; null
Line Number: 12 Start position: 238 FUN fun null
Line Number: 12 Start position: 242 IDENTIFIER foo null
Line Number: 12 Start position: 245 LEFT_PAREN ( null
Line Number: 12 Start position: 246 RIGHT_PAREN ) null
Line Number: 12 Start position: 248 LEFT_BRACE { null
Line Number: 12 Start position: 249 RIGHT_BRACE } null
Line Number: 13 Start position: 251 PRINT print null
Line Number: 13 Start position: 257 BANG ! null
Line Number: 13 Start position: 258 IDENTIFIER foo null
Line Number: 13 Start position: 261 SEMICOLON ; null
Line Number: 14 Start position: 284 EOF  null
