Line Number: 1 Start position: 0 FUN fun null
Line Number: 1 Start position: 4 IDENTIFIER f null
Line Number: 1 Start position: 5 LEFT_PAREN ( null
Line Number: 1 Start position: 6 IDENTIFIER a null
Line Number: 1 Start position: 7 COMMA , null
Line Number: 1 Start position: 9 IDENTIFIER b null
Line Number: 1 Start position: 10 RIGHT_PAREN ) null
Line Number: 1 Start position: 12 LEFT_BRACE { null
Line Number: 2 Start position: 16 PRINT print null
Line Number: 2 Start position: 22 IDENTIFIER a null
Line Number: 2 Start position: 23 SEMICOLON ; null
Line Number: 3 Start position: 27 PRINT print null
Line Number: 3 Start position: 33 IDENTIFIER b null
Line Number: 3 Start position: 34 SEMICOLON ; null
Line Number: 4 Start position: 36 RIGHT_BRACE } null
Line Number: 6 Start position: 39 IDENTIFIER f null
Line Number: 6 Start position: 40 LEFT_PAREN ( null
Line Number: 6 Start position: 41 NUMBER 1 1.0
Line Number: 6 Start position: 42 COMMA , null
Line Number: 6 Start position: 44 NUMBER 2 2.0
Line Number: 6 Start position: 45 COMMA , null
Line Number: 6 Start position: 47 NUMBER 3 3.0
Line Number: 6 Start position: 48 COMMA , null
Line Number: 6 Start position: 50 NUMBER 4 4.0
Line Number: 6 Start position: 51 RIGHT_PAREN ) null
Line Number: 6 Start position: 52 SEMICOLON ; null
Line Number: 7 Start position: 110 EOF  null
