Line Number: 1 Start position: 0 LEFT_BRACE { null
Line Number: 2 Start position: 4 FUN fun null
Line Number: 2 Start position: 8 IDENTIFIER fib null
Line Number: 2 Start position: 11 LEFT_PAREN ( null
Line Number: 2 Start position: 12 IDENTIFIER n null
Line Number: 2 Start position: 13 RIGHT_PAREN ) null
Line Number: 2 Start position: 15 LEFT_BRACE { null
Line Number: 3 Start position: 21 IF if null
Line Number: 3 Start position: 24 LEFT_PAREN ( null
Line Number: 3 Start position: 25 IDENTIFIER n null
Line Number: 3 Start position: 27 LESS < null
Line Number: 3 Start position: 29 NUMBER 2 2.0
Line Number: 3 Start position: 30 RIGHT_PAREN ) null
Line Number: 3 Start position: 32 RETURN return null
Line Number: 3 Start position: 39 IDENTIFIER n null
Line Number: 3 Start position: 40 SEMICOLON ; null
Line Number: 4 Start position: 46 RETURN return null
Line Number: 4 Start position: 53 IDENTIFIER fib null
Line Number: 4 Start position: 56 LEFT_PAREN ( null
Line Number: 4 Start position: 57 IDENTIFIER n null
Line Number: 4 Start position: 59 MINUS - null
Line Number: 4 Start position: 61 NUMBER 1 1.0
Line Number: 4 Start position: 62 RIGHT_PAREN ) null
Line Number: 4 Start position: 64 PLUS + null
Line Number: 4 Start position: 66 IDENTIFIER fib null
Line Number: 4 Start position: 69 LEFT_PAREN ( null
Line Number: 4 Start position: 70 IDENTIFIER n null
Line Number: 4 Start position: 72 MINUS - null
Line Number: 4 Start position: 74 NUMBER 2 2.0
Line Number: 4 Start position: 75 RIGHT_PAREN ) null
Line Number: 4 Start position: 76 SEMICOLON ; null
Line Number: 5 Start position: 80 RIGHT_BRACE } null
Line Number: 7 Start position: 85 PRINT print null
Line Number: 7 Start position: 91 IDENTIFIER fib null
Line Number: 7 Start position: 94 LEFT_PAREN ( null
Line Number: 7 Start position: 95 NUMBER 8 8.0
Line Number: 7 Start position: 96 RIGHT_PAREN ) null
Line Number: 7 Start position: 97 SEMICOLON ; null
Line Number: 8 Start position: 113 RIGHT_BRACE } null
Line Number: 9 Start position: 114 EOF  null
