Line Number: 2 Start position: 19 FUN fun null
Line Number: 2 Start position: 23 IDENTIFIER f null
Line Number: 2 Start position: 24 LEFT_PAREN ( null
Line Number: 3 Start position: 30 IDENTIFIER a1 null
Line Number: 3 Start position: 32 COMMA , null
Line Number: 4 Start position: 38 IDENTIFIER a2 null
Line Number: 4 Start position: 40 COMMA , null
Line Number: 5 Start position: 46 IDENTIFIER a3 null
Line Number: 5 Start position: 48 COMMA , null
Line Number: 6 Start position: 54 IDENTIFIER a4 null
Line Number: 6 Start position: 56 COMMA , null
Line Number: 7 Start position: 62 IDENTIFIER a5 null
Line Number: 7 Start position: 64 COMMA , null
Line Number: 8 Start position: 70 IDENTIFIER a6 null
Line Number: 8 Start position: 72 COMMA , null
Line Number: 9 Start position: 78 IDENTIFIER a7 null
Line Number: 9 Start position: 80 COMMA , null
Line Number: 10 Start position: 86 IDENTIFIER a8 null
Line Number: 10 Start position: 88 COMMA , null
Line Number: 11 Start position: 94 IDENTIFIER a9 null
Line Number: 11 Start position: 96 COMMA , null
Line Number: 12 Start position: 102 IDENTIFIER a10 null
Line Number: 12 Start position: 105 COMMA , null
Line Number: 13 Start position: 111 IDENTIFIER a11 null
Line Number: 13 Start position: 114 COMMA , null
Line Number: 14 Start position: 120 IDENTIFIER a12 null
Line Number: 14 Start position: 123 COMMA , null
Line Number: 15 Start position: 129 IDENTIFIER a13 null
Line Number: 15 Start position: 132 COMMA , null
Line Number: 16 Start position: 138 IDENTIFIER a14 null
Line Number: 16 Start position: 141 COMMA , null
Line Number: 17 Start position: 147 IDENTIFIER a15 null
Line Number: 17 Start position: 150 COMMA , null
Line Number: 18 Start position: 156 IDENTIFIER a16 null
Line Number: 18 Start position: 159 COMMA , null
Line Number: 19 Start position: 165 IDENTIFIER a17 null
Line Number: 19 Start position: 168 COMMA , null
Line Number: 20 Start position: 174 IDENTIFIER a18 null
Line Number: 20 Start position: 177 COMMA , null
Line Number: 21 Start position: 183 IDENTIFIER a19 null
Line Number: 21 Start position: 186 COMMA , null
Line Number: 22 Start position: 192 IDENTIFIER a20 null
Line Number: 22 Start position: 195 COMMA , null
Line Number: 23 Start position: 201 IDENTIFIER a21 null
Line Number: 23 Start position: 204 COMMA , null
Line Number: 24 Start position: 210 IDENTIFIER a22 null
Line Number: 24 Start position: 213 COMMA , null
Line Number: 25 Start position: 219 IDENTIFIER a23 null
Line Number: 25 Start position: 222 COMMA , null
Line Number: 26 Start position: 228 IDENTIFIER a24 null
Line Number: 26 Start position: 231 COMMA , null
Line Number: 27 Start position: 237 IDENTIFIER a25 null
Line Number: 27 Start position: 240 COMMA , null
Line Number: 28 Start position: 246 IDENTIFIER a26 null
Line Number: 28 Start position: 249 COMMA , null
Line Number: 29 Start position: 255 IDENTIFIER a27 null
Line Number: 29 Start position: 258 COMMA , null
Line Number: 30 Start position: 264 IDENTIFIER a28 null
Line Number: 30 Start position: 267 COMMA , null
Line Number: 31 Start position: 273 IDENTIFIER a29 null
Line Number: 31 Start position: 276 COMMA , null
Line Number: 32 Start position: 282 IDENTIFIER a30 null
Line Number: 32 Start position: 285 COMMA , null
Line Number: 33 Start position: 291 IDENTIFIER a31 null
Line Number: 33 Start position: 294 COMMA , null
Line Number: 34 Start position: 300 IDENTIFIER a32 null
Line Number: 34 Start position: 303 COMMA , null
Line Number: 35 Start position: 309 IDENTIFIER a33 null
Line Number: 35 Start position: 312 COMMA , null
Line Number: 36 Start position: 318 IDENTIFIER a34 null
Line Number: 36 Start position: 321 COMMA , null
Line Number: 37 Start position: 327 IDENTIFIER a35 null
Line Number: 37 Start position: 330 COMMA , null
Line Number: 38 Start position: 336 IDENTIFIER a36 null
Line Number: 38 Start position: 339 COMMA , null
Line Number: 39 Start position: 345 IDENTIFIER a37 null
Line Number: 39 Start position: 348 COMMA , null
Line Number: 40 Start position: 354 IDENTIFIER a38 null
Line Number: 40 Start position: 357 COMMA , null
Line Number: 41 Start position: 363 IDENTIFIER a39 null
Line Number: 41 Start position: 366 COMMA , null
Line Number: 42 Start position: 372 IDENTIFIER a40 null
Line Number: 42 Start position: 375 COMMA , null
Line Number: 43 Start position: 381 IDENTIFIER a41 null
Line Number: 43 Start position: 384 COMMA , null
Line Number: 44 Start position: 390 IDENTIFIER a42 null
Line Number: 44 Start position: 393 COMMA , null
Line Number: 45 Start position: 399 IDENTIFIER a43 null
Line Number: 45 Start position: 402 COMMA , null
Line Number: 46 Start position: 408 IDENTIFIER a44 null
Line Number: 46 Start position: 411 COMMA , null
Line Number: 47 Start position: 417 IDENTIFIER a45 null
Line Number: 47 Start position: 420 COMMA , null
Line Number: 48 Start position: 426 IDENTIFIER a46 null
Line Number: 48 Start position: 429 COMMA , null
Line Number: 49 Start position: 435 IDENTIFIER a47 null
Line Number: 49 Start position: 438 COMMA , null
Line Number: 50 Start position: 444 IDENTIFIER a48 null
Line Number: 50 Start position: 447 COMMA , null
Line Number: 51 Start position: 453 IDENTIFIER a49 null
Line Number: 51 Start position: 456 COMMA , null
Line Number: 52 Start position: 462 IDENTIFIER a50 null
Line Number: 52 Start position: 465 COMMA , null
Line Number: 53 Start position: 471 IDENTIFIER a51 null
Line Number: 53 Start position: 474 COMMA , null
Line Number: 54 Start position: 480 IDENTIFIER a52 null
Line Number: 54 Start position: 483 COMMA , null
Line Number: 55 Start position: 489 IDENTIFIER a53 null
Line Number: 55 Start position: 492 COMMA , null
Line Number: 56 Start position: 498 IDENTIFIER a54 null
Line Number: 56 Start position: 501 COMMA , null
Line Number: 57 Start position: 507 IDENTIFIER a55 null
Line Number: 57 Start position: 510 COMMA , null
Line Number: 58 Start position: 516 IDENTIFIER a56 null
Line Number: 58 Start position: 519 COMMA , null
Line Number: 59 Start position: 525 IDENTIFIER a57 null
Line Number: 59 Start position: 528 COMMA , null
Line Number: 60 Start position: 534 IDENTIFIER a58 null
Line Number: 60 Start position: 537 COMMA , null
Line Number: 61 Start position: 543 IDENTIFIER a59 null
Line Number: 61 Start position: 546 COMMA , null
Line Number: 62 Start position: 552 IDENTIFIER a60 null
Line Number: 62 Start position: 555 COMMA , null
Line Number: 63 Start position: 561 IDENTIFIER a61 null
Line Number: 63 Start position: 564 COMMA , null
Line Number: 64 Start position: 570 IDENTIFIER a62 null
Line Number: 64 Start position: 573 COMMA , null
Line Number: 65 Start position: 579 IDENTIFIER a63 null
Line Number: 65 Start position: 582 COMMA , null
Line Number: 66 Start position: 588 IDENTIFIER a64 null
Line Number: 66 Start position: 591 COMMA , null
Line Number: 67 Start position: 597 IDENTIFIER a65 null
Line Number: 67 Start position: 600 COMMA , null
Line Number: 68 Start position: 606 IDENTIFIER a66 null
Line Number: 68 Start position: 609 COMMA , null
Line Number: 69 Start position: 615 IDENTIFIER a67 null
Line Number: 69 Start position: 618 COMMA , null
Line Number: 70 Start position: 624 IDENTIFIER a68 null
Line Number: 70 Start position: 627 COMMA , null
Line Number: 71 Start position: 633 IDENTIFIER a69 null
Line Number: 71 Start position: 636 COMMA , null
Line Number: 72 Start position: 642 IDENTIFIER a70 null
Line Number: 72 Start position: 645 COMMA , null
Line Number: 73 Start position: 651 IDENTIFIER a71 null
Line Number: 73 Start position: 654 COMMA , null
Line Number: 74 Start position: 660 IDENTIFIER a72 null
Line Number: 74 Start position: 663 COMMA , null
Line Number: 75 Start position: 669 IDENTIFIER a73 null
Line Number: 75 Start position: 672 COMMA , null
Line Number: 76 Start position: 678 IDENTIFIER a74 null
Line Number: 76 Start position: 681 COMMA , null
Line Number: 77 Start position: 687 IDENTIFIER a75 null
Line Number: 77 Start position: 690 COMMA , null
Line Number: 78 Start position: 696 IDENTIFIER a76 null
Line Number: 78 Start position: 699 COMMA , null
Line Number: 79 Start position: 705 IDENTIFIER a77 null
Line Number: 79 Start position: 708 COMMA , null
Line Number: 80 Start position: 714 IDENTIFIER a78 null
Line Number: 80 Start position: 717 COMMA , null
Line Number: 81 Start position: 723 IDENTIFIER a79 null
Line Number: 81 Start position: 726 COMMA , null
Line Number: 82 Start position: 732 IDENTIFIER a80 null
Line Number: 82 Start position: 735 COMMA , null
Line Number: 83 Start position: 741 IDENTIFIER a81 null
Line Number: 83 Start position: 744 COMMA , null
Line Number: 84 Start position: 750 IDENTIFIER a82 null
Line Number: 84 Start position: 753 COMMA , null
Line Number: 85 Start position: 759 IDENTIFIER a83 null
Line Number: 85 Start position: 762 COMMA , null
Line Number: 86 Start position: 768 IDENTIFIER a84 null
Line Number: 86 Start position: 771 COMMA , null
Line Number: 87 Start position: 777 IDENTIFIER a85 null
Line Number: 87 Start position: 780 COMMA , null
Line Number: 88 Start position: 786 IDENTIFIER a86 null
Line Number: 88 Start position: 789 COMMA , null
Line Number: 89 Start position: 795 IDENTIFIER a87 null
Line Number: 89 Start position: 798 COMMA , null
Line Number: 90 Start position: 804 IDENTIFIER a88 null
Line Number: 90 Start position: 807 COMMA , null
Line Number: 91 Start position: 813 IDENTIFIER a89 null
Line Number: 91 Start position: 816 COMMA , null
Line Number: 92 Start position: 822 IDENTIFIER a90 null
Line Number: 92 Start position: 825 COMMA , null
Line Number: 93 Start position: 831 IDENTIFIER a91 null
Line Number: 93 Start position: 834 COMMA , null
Line Number: 94 Start position: 840 IDENTIFIER a92 null
Line Number: 94 Start position: 843 COMMA , null
Line Number: 95 Start position: 849 IDENTIFIER a93 null
Line Number: 95 Start position: 852 COMMA , null
Line Number: 96 Start position: 858 IDENTIFIER a94 null
Line Number: 96 Start position: 861 COMMA , null
Line Number: 97 Start position: 867 IDENTIFIER a95 null
Line Number: 97 Start position: 870 COMMA , null
Line Number: 98 Start position: 876 IDENTIFIER a96 null
Line Number: 98 Start position: 879 COMMA , null
Line Number: 99 Start position: 885 IDENTIFIER a97 null
Line Number: 99 Start position: 888 COMMA , null
Line Number: 100 Start position: 894 IDENTIFIER a98 null
Line Number: 100 Start position: 897 COMMA , null
Line Number: 101 Start position: 903 IDENTIFIER a99 null
Line Number: 101 Start position: 906 COMMA , null
Line Number: 102 Start position: 912 IDENTIFIER a100 null
Line Number: 102 Start position: 916 COMMA , null
Line Number: 103 Start position: 922 IDENTIFIER a101 null
Line Number: 103 Start position: 926 COMMA , null
Line Number: 104 Start position: 932 IDENTIFIER a102 null
Line Number: 104 Start position: 936 COMMA , null
Line Number: 105 Start position: 942 IDENTIFIER a103 null
Line Number: 105 Start position: 946 COMMA , null
Line Number: 106 Start position: 952 IDENTIFIER a104 null
Line Number: 106 Start position: 956 COMMA , null
Line Number: 107 Start position: 962 IDENTIFIER a105 null
Line Number: 107 Start position: 966 COMMA , null
Line Number: 108 Start position: 972 IDENTIFIER a106 null
Line Number: 108 Start position: 976 COMMA , null
Line Number: 109 Start position: 982 IDENTIFIER a107 null
Line Number: 109 Start position: 986 COMMA , null
Line Number: 110 Start position: 992 IDENTIFIER a108 null
Line Number: 110 Start position: 996 COMMA , null
Line Number: 111 Start position: 1002 IDENTIFIER a109 null
Line Number: 111 Start position: 1006 COMMA , null
Line Number: 112 Start position: 1012 IDENTIFIER a110 null
Line Number: 112 Start position: 1016 COMMA , null
Line Number: 113 Start position: 1022 IDENTIFIER a111 null
Line Number: 113 Start position: 1026 COMMA , null
Line Number: 114 Start position: 1032 IDENTIFIER a112 null
Line Number: 114 Start position: 1036 COMMA , null
Line Number: 115 Start position: 1042 IDENTIFIER a113 null
Line Number: 115 Start position: 1046 COMMA , null
Line Number: 116 Start position: 1052 IDENTIFIER a114 null
Line Number: 116 Start position: 1056 COMMA , null
Line Number: 117 Start position: 1062 IDENTIFIER a115 null
Line Number: 117 Start position: 1066 COMMA , null
Line Number: 118 Start position: 1072 IDENTIFIER a116 null
Line Number: 118 Start position: 1076 COMMA , null
Line Number: 119 Start position: 1082 IDENTIFIER a117 null
Line Number: 119 Start position: 1086 COMMA , null
Line Number: 120 Start position: 1092 IDENTIFIER a118 null
Line Number: 120 Start position: 1096 COMMA , null
Line Number: 121 Start position: 1102 IDENTIFIER a119 null
Line Number: 121 Start position: 1106 COMMA , null
Line Number: 122 Start position: 1112 IDENTIFIER a120 null
Line Number: 122 Start position: 1116 COMMA , null
Line Number: 123 Start position: 1122 IDENTIFIER a121 null
Line Number: 123 Start position: 1126 COMMA , null
Line Number: 124 Start position: 1132 IDENTIFIER a122 null
Line Number: 124 Start position: 1136 COMMA , null
Line Number: 125 Start position: 1142 IDENTIFIER a123 null
Line Number: 125 Start position: 1146 COMMA , null
Line Number: 126 Start position: 1152 IDENTIFIER a124 null
Line Number: 126 Start position: 1156 COMMA , null
Line Number: 127 Start position: 1162 IDENTIFIER a125 null
Line Number: 127 Start position: 1166 COMMA , null
Line Number: 128 Start position: 1172 IDENTIFIER a126 null
Line Number: 128 Start position: 1176 COMMA , null
Line Number: 129 Start position: 1182 IDENTIFIER a127 null
Line Number: 129 Start position: 1186 COMMA , null
Line Number: 130 Start position: 1192 IDENTIFIER a128 null
Line Number: 130 Start position: 1196 COMMA , null
Line Number: 131 Start position: 1202 IDENTIFIER a129 null
Line Number: 131 Start position: 1206 COMMA , null
Line Number: 132 Start position: 1212 IDENTIFIER a130 null
Line Number: 132 Start position: 1216 COMMA , null
Line Number: 133 Start position: 1222 IDENTIFIER a131 null
Line Number: 133 Start position: 1226 COMMA , null
Line Number: 134 Start position: 1232 IDENTIFIER a132 null
Line Number: 134 Start position: 1236 COMMA , null
Line Number: 135 Start position: 1242 IDENTIFIER a133 null
Line Number: 135 Start position: 1246 COMMA , null
Line Number: 136 Start position: 1252 IDENTIFIER a134 null
Line Number: 136 Start position: 1256 COMMA , null
Line Number: 137 Start position: 1262 IDENTIFIER a135 null
Line Number: 137 Start position: 1266 COMMA , null
Line Number: 138 Start position: 1272 IDENTIFIER a136 null
Line Number: 138 Start position: 1276 COMMA , null
Line Number: 139 Start position: 1282 IDENTIFIER a137 null
Line Number: 139 Start position: 1286 COMMA , null
Line Number: 140 Start position: 1292 IDENTIFIER a138 null
Line Number: 140 Start position: 1296 COMMA , null
Line Number: 141 Start position: 1302 IDENTIFIER a139 null
Line Number: 141 Start position: 1306 COMMA , null
Line Number: 142 Start position: 1312 IDENTIFIER a140 null
Line Number: 142 Start position: 1316 COMMA , null
Line Number: 143 Start position: 1322 IDENTIFIER a141 null
Line Number: 143 Start position: 1326 COMMA , null
Line Number: 144 Start position: 1332 IDENTIFIER a142 null
Line Number: 144 Start position: 1336 COMMA , null
Line Number: 145 Start position: 1342 IDENTIFIER a143 null
Line Number: 145 Start position: 1346 COMMA , null
Line Number: 146 Start position: 1352 IDENTIFIER a144 null
Line Number: 146 Start position: 1356 COMMA , null
Line Number: 147 Start position: 1362 IDENTIFIER a145 null
Line Number: 147 Start position: 1366 COMMA , null
Line Number: 148 Start position: 1372 IDENTIFIER a146 null
Line Number: 148 Start position: 1376 COMMA , null
Line Number: 149 Start position: 1382 IDENTIFIER a147 null
Line Number: 149 Start position: 1386 COMMA , null
Line Number: 150 Start position: 1392 IDENTIFIER a148 null
Line Number: 150 Start position: 1396 COMMA , null
Line Number: 151 Start position: 1402 IDENTIFIER a149 null
Line Number: 151 Start position: 1406 COMMA , null
Line Number: 152 Start position: 1412 IDENTIFIER a150 null
Line Number: 152 Start position: 1416 COMMA , null
Line Number: 153 Start position: 1422 IDENTIFIER a151 null
Line Number: 153 Start position: 1426 COMMA , null
Line Number: 154 Start position: 1432 IDENTIFIER a152 null
Line Number: 154 Start position: 1436 COMMA , null
Line Number: 155 Start position: 1442 IDENTIFIER a153 null
Line Number: 155 Start position: 1446 COMMA , null
Line Number: 156 Start position: 1452 IDENTIFIER a154 null
Line Number: 156 Start position: 1456 COMMA , null
Line Number: 157 Start position: 1462 IDENTIFIER a155 null
Line Number: 157 Start position: 1466 COMMA , null
Line Number: 158 Start position: 1472 IDENTIFIER a156 null
Line Number: 158 Start position: 1476 COMMA , null
Line Number: 159 Start position: 1482 IDENTIFIER a157 null
Line Number: 159 Start position: 1486 COMMA , null
Line Number: 160 Start position: 1492 IDENTIFIER a158 null
Line Number: 160 Start position: 1496 COMMA , null
Line Number: 161 Start position: 1502 IDENTIFIER a159 null
Line Number: 161 Start position: 1506 COMMA , null
Line Number: 162 Start position: 1512 IDENTIFIER a160 null
Line Number: 162 Start position: 1516 COMMA , null
Line Number: 163 Start position: 1522 IDENTIFIER a161 null
Line Number: 163 Start position: 1526 COMMA , null
Line Number: 164 Start position: 1532 IDENTIFIER a162 null
Line Number: 164 Start position: 1536 COMMA , null
Line Number: 165 Start position: 1542 IDENTIFIER a163 null
Line Number: 165 Start position: 1546 COMMA , null
Line Number: 166 Start position: 1552 IDENTIFIER a164 null
Line Number: 166 Start position: 1556 COMMA , null
Line Number: 167 Start position: 1562 IDENTIFIER a165 null
Line Number: 167 Start position: 1566 COMMA , null
Line Number: 168 Start position: 1572 IDENTIFIER a166 null
Line Number: 168 Start position: 1576 COMMA , null
Line Number: 169 Start position: 1582 IDENTIFIER a167 null
Line Number: 169 Start position: 1586 COMMA , null
Line Number: 170 Start position: 1592 IDENTIFIER a168 null
Line Number: 170 Start position: 1596 COMMA , null
Line Number: 171 Start position: 1602 IDENTIFIER a169 null
Line Number: 171 Start position: 1606 COMMA , null
Line Number: 172 Start position: 1612 IDENTIFIER a170 null
Line Number: 172 Start position: 1616 COMMA , null
Line Number: 173 Start position: 1622 IDENTIFIER a171 null
Line Number: 173 Start position: 1626 COMMA , null
Line Number: 174 Start position: 1632 IDENTIFIER a172 null
Line Number: 174 Start position: 1636 COMMA , null
Line Number: 175 Start position: 1642 IDENTIFIER a173 null
Line Number: 175 Start position: 1646 COMMA , null
Line Number: 176 Start position: 1652 IDENTIFIER a174 null
Line Number: 176 Start position: 1656 COMMA , null
Line Number: 177 Start position: 1662 IDENTIFIER a175 null
Line Number: 177 Start position: 1666 COMMA , null
Line Number: 178 Start position: 1672 IDENTIFIER a176 null
Line Number: 178 Start position: 1676 COMMA , null
Line Number: 179 Start position: 1682 IDENTIFIER a177 null
Line Number: 179 Start position: 1686 COMMA , null
Line Number: 180 Start position: 1692 IDENTIFIER a178 null
Line Number: 180 Start position: 1696 COMMA , null
Line Number: 181 Start position: 1702 IDENTIFIER a179 null
Line Number: 181 Start position: 1706 COMMA , null
Line Number: 182 Start position: 1712 IDENTIFIER a180 null
Line Number: 182 Start position: 1716 COMMA , null
Line Number: 183 Start position: 1722 IDENTIFIER a181 null
Line Number: 183 Start position: 1726 COMMA , null
Line Number: 184 Start position: 1732 IDENTIFIER a182 null
Line Number: 184 Start position: 1736 COMMA , null
Line Number: 185 Start position: 1742 IDENTIFIER a183 null
Line Number: 185 Start position: 1746 COMMA , null
Line Number: 186 Start position: 1752 IDENTIFIER a184 null
Line Number: 186 Start position: 1756 COMMA , null
Line Number: 187 Start position: 1762 IDENTIFIER a185 null
Line Number: 187 Start position: 1766 COMMA , null
Line Number: 188 Start position: 1772 IDENTIFIER a186 null
Line Number: 188 Start position: 1776 COMMA , null
Line Number: 189 Start position: 1782 IDENTIFIER a187 null
Line Number: 189 Start position: 1786 COMMA , null
Line Number: 190 Start position: 1792 IDENTIFIER a188 null
Line Number: 190 Start position: 1796 COMMA , null
Line Number: 191 Start position: 1802 IDENTIFIER a189 null
Line Number: 191 Start position: 1806 COMMA , null
Line Number: 192 Start position: 1812 IDENTIFIER a190 null
Line Number: 192 Start position: 1816 COMMA , null
Line Number: 193 Start position: 1822 IDENTIFIER a191 null
Line Number: 193 Start position: 1826 COMMA , null
Line Number: 194 Start position: 1832 IDENTIFIER a192 null
Line Number: 194 Start position: 1836 COMMA , null
Line Number: 195 Start position: 1842 IDENTIFIER a193 null
Line Number: 195 Start position: 1846 COMMA , null
Line Number: 196 Start position: 1852 IDENTIFIER a194 null
Line Number: 196 Start position: 1856 COMMA , null
Line Number: 197 Start position: 1862 IDENTIFIER a195 null
Line Number: 197 Start position: 1866 COMMA , null
Line Number: 198 Start position: 1872 IDENTIFIER a196 null
Line Number: 198 Start position: 1876 COMMA , null
Line Number: 199 Start position: 1882 IDENTIFIER a197 null
Line Number: 199 Start position: 1886 COMMA , null
Line Number: 200 Start position: 1892 IDENTIFIER a198 null
Line Number: 200 Start position: 1896 COMMA , null
Line Number: 201 Start position: 1902 IDENTIFIER a199 null
Line Number: 201 Start position: 1906 COMMA , null
Line Number: 202 Start position: 1912 IDENTIFIER a200 null
Line Number: 202 Start position: 1916 COMMA , null
Line Number: 203 Start position: 1922 IDENTIFIER a201 null
Line Number: 203 Start position: 1926 COMMA , null
Line Number: 204 Start position: 1932 IDENTIFIER a202 null
Line Number: 204 Start position: 1936 COMMA , null
Line Number: 205 Start position: 1942 IDENTIFIER a203 null
Line Number: 205 Start position: 1946 COMMA , null
Line Number: 206 Start position: 1952 IDENTIFIER a204 null
Line Number: 206 Start position: 1956 COMMA , null
Line Number: 207 Start position: 1962 IDENTIFIER a205 null
Line Number: 207 Start position: 1966 COMMA , null
Line Number: 208 Start position: 1972 IDENTIFIER a206 null
Line Number: 208 Start position: 1976 COMMA , null
Line Number: 209 Start position: 1982 IDENTIFIER a207 null
Line Number: 209 Start position: 1986 COMMA , null
Line Number: 210 Start position: 1992 IDENTIFIER a208 null
Line Number: 210 Start position: 1996 COMMA , null
Line Number: 211 Start position: 2002 IDENTIFIER a209 null
Line Number: 211 Start position: 2006 COMMA , null
Line Number: 212 Start position: 2012 IDENTIFIER a210 null
Line Number: 212 Start position: 2016 COMMA , null
Line Number: 213 Start position: 2022 IDENTIFIER a211 null
Line Number: 213 Start position: 2026 COMMA , null
Line Number: 214 Start position: 2032 IDENTIFIER a212 null
Line Number: 214 Start position: 2036 COMMA , null
Line Number: 215 Start position: 2042 IDENTIFIER a213 null
Line Number: 215 Start position: 2046 COMMA , null
Line Number: 216 Start position: 2052 IDENTIFIER a214 null
Line Number: 216 Start position: 2056 COMMA , null
Line Number: 217 Start position: 2062 IDENTIFIER a215 null
Line Number: 217 Start position: 2066 COMMA , null
Line Number: 218 Start position: 2072 IDENTIFIER a216 null
Line Number: 218 Start position: 2076 COMMA , null
Line Number: 219 Start position: 2082 IDENTIFIER a217 null
Line Number: 219 Start position: 2086 COMMA , null
Line Number: 220 Start position: 2092 IDENTIFIER a218 null
Line Number: 220 Start position: 2096 COMMA , null
Line Number: 221 Start position: 2102 IDENTIFIER a219 null
Line Number: 221 Start position: 2106 COMMA , null
Line Number: 222 Start position: 2112 IDENTIFIER a220 null
Line Number: 222 Start position: 2116 COMMA , null
Line Number: 223 Start position: 2122 IDENTIFIER a221 null
Line Number: 223 Start position: 2126 COMMA , null
Line Number: 224 Start position: 2132 IDENTIFIER a222 null
Line Number: 224 Start position: 2136 COMMA , null
Line Number: 225 Start position: 2142 IDENTIFIER a223 null
Line Number: 225 Start position: 2146 COMMA , null
Line Number: 226 Start position: 2152 IDENTIFIER a224 null
Line Number: 226 Start position: 2156 COMMA , null
Line Number: 227 Start position: 2162 IDENTIFIER a225 null
Line Number: 227 Start position: 2166 COMMA , null
Line Number: 228 Start position: 2172 IDENTIFIER a226 null
Line Number: 228 Start position: 2176 COMMA , null
Line Number: 229 Start position: 2182 IDENTIFIER a227 null
Line Number: 229 Start position: 2186 COMMA , null
Line Number: 230 Start position: 2192 IDENTIFIER a228 null
Line Number: 230 Start position: 2196 COMMA , null
Line Number: 231 Start position: 2202 IDENTIFIER a229 null
Line Number: 231 Start position: 2206 COMMA , null
Line Number: 232 Start position: 2212 IDENTIFIER a230 null
Line Number: 232 Start position: 2216 COMMA , null
Line Number: 233 Start position: 2222 IDENTIFIER a231 null
Line Number: 233 Start position: 2226 COMMA , null
Line Number: 234 Start position: 2232 IDENTIFIER a232 null
Line Number: 234 Start position: 2236 COMMA , null
Line Number: 235 Start position: 2242 IDENTIFIER a233 null
Line Number: 235 Start position: 2246 COMMA , null
Line Number: 236 Start position: 2252 IDENTIFIER a234 null
Line Number: 236 Start position: 2256 COMMA , null
Line Number: 237 Start position: 2262 IDENTIFIER a235 null
Line Number: 237 Start position: 2266 COMMA , null
Line Number: 238 Start position: 2272 IDENTIFIER a236 null
Line Number: 238 Start position: 2276 COMMA , null
Line Number: 239 Start position: 2282 IDENTIFIER a237 null
Line Number: 239 Start position: 2286 COMMA , null
Line Number: 240 Start position: 2292 IDENTIFIER a238 null
Line Number: 240 Start position: 2296 COMMA , null
Line Number: 241 Start position: 2302 IDENTIFIER a239 null
Line Number: 241 Start position: 2306 COMMA , null
Line Number: 242 Start position: 2312 IDENTIFIER a240 null
Line Number: 242 Start position: 2316 COMMA , null
Line Number: 243 Start position: 2322 IDENTIFIER a241 null
Line Number: 243 Start position: 2326 COMMA , null
Line Number: 244 Start position: 2332 IDENTIFIER a242 null
Line Number: 244 Start position: 2336 COMMA , null
Line Number: 245 Start position: 2342 IDENTIFIER a243 null
Line Number: 245 Start position: 2346 COMMA , null
Line Number: 246 Start position: 2352 IDENTIFIER a244 null
Line Number: 246 Start position: 2356 COMMA , null
Line Number: 247 Start position: 2362 IDENTIFIER a245 null
Line Number: 247 Start position: 2366 COMMA , null
Line Number: 248 Start position: 2372 IDENTIFIER a246 null
Line Number: 248 Start position: 2376 COMMA , null
Line Number: 249 Start position: 2382 IDENTIFIER a247 null
Line Number: 249 Start position: 2386 COMMA , null
Line Number: 250 Start position: 2392 IDENTIFIER a248 null
Line Number: 250 Start position: 2396 COMMA , null
Line Number: 251 Start position: 2402 IDENTIFIER a249 null
Line Number: 251 Start position: 2406 COMMA , null
Line Number: 252 Start position: 2412 IDENTIFIER a250 null
Line Number: 252 Start position: 2416 COMMA , null
Line Number: 253 Start position: 2422 IDENTIFIER a251 null
Line Number: 253 Start position: 2426 COMMA , null
Line Number: 254 Start position: 2432 IDENTIFIER a252 null
Line Number: 254 Start position: 2436 COMMA , null
Line Number: 255 Start position: 2442 IDENTIFIER a253 null
Line Number: 255 Start position: 2446 COMMA , null
Line Number: 256 Start position: 2452 IDENTIFIER a254 null
Line Number: 256 Start position: 2456 COMMA , null
Line Number: 257 Start position: 2462 IDENTIFIER a255 null
Line Number: 257 Start position: 2466 COMMA , null
Line Number: 257 Start position: 2468 IDENTIFIER a null
Line Number: 257 Start position: 2469 RIGHT_PAREN ) null
Line Number: 257 Start position: 2471 LEFT_BRACE { null
Line Number: 257 Start position: 2472 RIGHT_BRACE } null
Line Number: 258 Start position: 2527 EOF  null
